

================================================================
== Vivado HLS Report for 'convolve_40_40_5_s'
================================================================
* Date:           Mon Dec  2 23:20:58 2024

* Version:        2019.2 (Build 2704478 on Wed Nov 06 22:10:23 MST 2019)
* Project:        superres.prj
* Solution:       solution1
* Product family: zynq
* Target device:  xc7z020-clg484-1


================================================================
== Performance Estimates
================================================================
+ Timing: 
    * Summary: 
    +--------+----------+----------+------------+
    |  Clock |  Target  | Estimated| Uncertainty|
    +--------+----------+----------+------------+
    |ap_clk  | 10.00 ns | 8.438 ns |   1.25 ns  |
    +--------+----------+----------+------------+

+ Latency: 
    * Summary: 
    +---------+---------+----------+----------+--------+--------+---------+
    |  Latency (cycles) |  Latency (absolute) |     Interval    | Pipeline|
    |   min   |   max   |    min   |    max   |   min  |   max  |   Type  |
    +---------+---------+----------+----------+--------+--------+---------+
    |   457788|   457788| 4.578 ms | 4.578 ms |  457788|  457788|   none  |
    +---------+---------+----------+----------+--------+--------+---------+

    + Detail: 
        * Instance: 
        +------------------------------+-------------------+---------+---------+-----------+-----------+------+------+---------+
        |                              |                   |  Latency (cycles) |   Latency (absolute)  |   Interval  | Pipeline|
        |           Instance           |       Module      |   min   |   max   |    min    |    max    |  min |  max |   Type  |
        +------------------------------+-------------------+---------+---------+-----------+-----------+------+------+---------+
        |grp_initialize_memory_fu_233  |initialize_memory  |     8081|     8081| 80.810 us | 80.810 us |  8081|  8081|   none  |
        +------------------------------+-------------------+---------+---------+-----------+-----------+------+------+---------+

        * Loop: 
        +---------------------+---------+---------+----------+-----------+-----------+------+----------+
        |                     |  Latency (cycles) | Iteration|  Initiation Interval  | Trip |          |
        |      Loop Name      |   min   |   max   |  Latency |  achieved |   target  | Count| Pipelined|
        +---------------------+---------+---------+----------+-----------+-----------+------+----------+
        |- Loop 1             |   436824|   436824|     12134|          -|          -|    36|    no    |
        | + Loop 1.1          |    12132|    12132|       337|          -|          -|    36|    no    |
        |  ++ Loop 1.1.1      |      335|      335|        67|          -|          -|     5|    no    |
        |   +++ Loop 1.1.1.1  |       65|       65|        13|          -|          -|     5|    no    |
        |- Loop 2             |    12880|    12880|       322|          -|          -|    40|    no    |
        | + Loop 2.1          |      320|      320|         8|          -|          -|    40|    no    |
        |  ++ Loop 2.1.1      |        6|        6|         2|          -|          -|     3|    no    |
        +---------------------+---------+---------+----------+-----------+-----------+------+----------+



================================================================
== Utilization Estimates
================================================================
* Summary: 
+-----------------+---------+-------+--------+-------+-----+
|       Name      | BRAM_18K| DSP48E|   FF   |  LUT  | URAM|
+-----------------+---------+-------+--------+-------+-----+
|DSP              |        -|      -|       -|      -|    -|
|Expression       |        -|      -|       0|    472|    -|
|FIFO             |        -|      -|       -|      -|    -|
|Instance         |        -|     10|     749|   1608|    -|
|Memory           |       16|      -|      32|     13|    0|
|Multiplexer      |        -|      -|       -|    349|    -|
|Register         |        -|      -|     570|      -|    -|
+-----------------+---------+-------+--------+-------+-----+
|Total            |       16|     10|    1351|   2442|    0|
+-----------------+---------+-------+--------+-------+-----+
|Available        |      280|    220|  106400|  53200|    0|
+-----------------+---------+-------+--------+-------+-----+
|Utilization (%)  |        5|      4|       1|      4|    0|
+-----------------+---------+-------+--------+-------+-----+

+ Detail: 
    * Instance: 
    +------------------------------+----------------------+---------+-------+-----+-----+-----+
    |           Instance           |        Module        | BRAM_18K| DSP48E|  FF | LUT | URAM|
    +------------------------------+----------------------+---------+-------+-----+-----+-----+
    |dut_fadd_32ns_32ndEe_U4       |dut_fadd_32ns_32ndEe  |        0|      2|  205|  390|    0|
    |dut_fadd_32ns_32ndEe_U5       |dut_fadd_32ns_32ndEe  |        0|      2|  205|  390|    0|
    |dut_fmul_32ns_32neOg_U6       |dut_fmul_32ns_32neOg  |        0|      3|  143|  321|    0|
    |dut_fmul_32ns_32neOg_U7       |dut_fmul_32ns_32neOg  |        0|      3|  143|  321|    0|
    |grp_initialize_memory_fu_233  |initialize_memory     |        0|      0|   53|  186|    0|
    +------------------------------+----------------------+---------+-------+-----+-----+-----+
    |Total                         |                      |        0|     10|  749| 1608|    0|
    +------------------------------+----------------------+---------+-------+-----+-----+-----+

    * DSP48E: 
    N/A

    * Memory: 
    +------------------------+----------------------+---------+----+----+-----+------+-----+------+-------------+
    |         Memory         |        Module        | BRAM_18K| FF | LUT| URAM| Words| Bits| Banks| W*Bits*Banks|
    +------------------------+----------------------+---------+----+----+-----+------+-----+------+-------------+
    |EDGE_SHARPENING_KERN_U  |convolve_40_40_5_bkb  |        0|  32|  13|    0|    25|   32|     1|          800|
    |output_U                |convolve_40_40_5_cud  |       16|   0|   0|    0|  4800|   32|     1|       153600|
    +------------------------+----------------------+---------+----+----+-----+------+-----+------+-------------+
    |Total                   |                      |       16|  32|  13|    0|  4825|   64|     2|       154400|
    +------------------------+----------------------+---------+----+----+-----+------+-----+------+-------------+

    * FIFO: 
    N/A

    * Expression: 
    +-----------------------+----------+-------+---+----+------------+------------+
    |     Variable Name     | Operation| DSP48E| FF| LUT| Bitwidth P0| Bitwidth P1|
    +-----------------------+----------+-------+---+----+------------+------------+
    |add_ln44_1_fu_409_p2   |     +    |      0|  0|  12|           3|           2|
    |add_ln44_2_fu_453_p2   |     +    |      0|  0|  15|           6|           6|
    |add_ln44_3_fu_491_p2   |     +    |      0|  0|  12|           3|           2|
    |add_ln44_4_fu_291_p2   |     +    |      0|  0|  12|          12|          12|
    |add_ln44_5_fu_307_p2   |     +    |      0|  0|  12|          12|          12|
    |add_ln44_6_fu_403_p2   |     +    |      0|  0|  12|          12|          12|
    |add_ln44_7_fu_431_p2   |     +    |      0|  0|  15|           6|           6|
    |add_ln44_8_fu_463_p2   |     +    |      0|  0|  12|          12|          12|
    |add_ln44_9_fu_501_p2   |     +    |      0|  0|  15|           6|           6|
    |add_ln44_fu_373_p2     |     +    |      0|  0|  15|           6|           6|
    |add_ln45_1_fu_523_p2   |     +    |      0|  0|  19|          14|           1|
    |add_ln45_fu_335_p2     |     +    |      0|  0|  19|          14|           1|
    |add_ln46_1_fu_533_p2   |     +    |      0|  0|  19|          14|           2|
    |add_ln46_fu_346_p2     |     +    |      0|  0|  19|          14|           2|
    |add_ln52_1_fu_601_p2   |     +    |      0|  0|  12|          12|          12|
    |add_ln52_2_fu_640_p2   |     +    |      0|  0|  19|          14|          14|
    |add_ln52_fu_579_p2     |     +    |      0|  0|  12|          12|          12|
    |c_fu_591_p2            |     +    |      0|  0|  15|           6|           1|
    |chan_fu_630_p2         |     +    |      0|  0|  10|           2|           1|
    |i_fu_357_p2            |     +    |      0|  0|  15|           6|           1|
    |j_fu_437_p2            |     +    |      0|  0|  15|           6|           1|
    |ki_fu_517_p2           |     +    |      0|  0|  12|           3|           1|
    |kj_fu_511_p2           |     +    |      0|  0|  12|           3|           1|
    |r_fu_549_p2            |     +    |      0|  0|  15|           6|           1|
    |sub_ln44_1_fu_480_p2   |     -    |      0|  0|  19|          14|          14|
    |sub_ln44_fu_324_p2     |     -    |      0|  0|  19|          14|          14|
    |sub_ln52_fu_618_p2     |     -    |      0|  0|  19|          14|          14|
    |icmp_ln40_fu_261_p2    |   icmp   |      0|  0|  11|           6|           6|
    |icmp_ln41_fu_297_p2    |   icmp   |      0|  0|  11|           6|           6|
    |icmp_ln42_fu_367_p2    |   icmp   |      0|  0|   9|           3|           2|
    |icmp_ln43_fu_447_p2    |   icmp   |      0|  0|   9|           3|           2|
    |icmp_ln51_1_fu_585_p2  |   icmp   |      0|  0|  11|           6|           6|
    |icmp_ln51_2_fu_624_p2  |   icmp   |      0|  0|   8|           2|           2|
    |icmp_ln51_fu_543_p2    |   icmp   |      0|  0|  11|           6|           6|
    +-----------------------+----------+-------+---+----+------------+------------+
    |Total                  |          |      0|  0| 472|         278|         199|
    +-----------------------+----------+-------+---+----+------------+------------+

    * Multiplexer: 
    +-------------------+-----+-----------+-----+-----------+
    |        Name       | LUT | Input Size| Bits| Total Bits|
    +-------------------+-----+-----------+-----+-----------+
    |ap_NS_fsm          |  109|         23|    1|         23|
    |buffer_r_address0  |   15|          3|   13|         39|
    |buffer_r_address1  |   15|          3|   13|         39|
    |c_0_reg_211        |    9|          2|    6|         12|
    |chan_0_reg_222     |    9|          2|    2|          4|
    |grp_fu_239_p0      |   15|          3|   32|         96|
    |grp_fu_239_p1      |   15|          3|   32|         96|
    |grp_fu_247_p0      |   15|          3|   32|         96|
    |i_0_reg_153        |    9|          2|    6|         12|
    |j_0_reg_165        |    9|          2|    6|         12|
    |ki_0_reg_177       |    9|          2|    3|          6|
    |kj_0_reg_189       |    9|          2|    3|          6|
    |output_address0    |   27|          5|   13|         65|
    |output_address1    |   15|          3|   13|         39|
    |output_ce0         |   15|          3|    1|          3|
    |output_d0          |   15|          3|   32|         96|
    |output_d1          |   15|          3|   32|         96|
    |output_we0         |   15|          3|    1|          3|
    |r_0_reg_200        |    9|          2|    6|         12|
    +-------------------+-----+-----------+-----+-----------+
    |Total              |  349|         72|  247|        755|
    +-------------------+-----+-----------+-----+-----------+

    * Register: 
    +-------------------------------------------+----+----+-----+-----------+
    |                    Name                   | FF | LUT| Bits| Const Bits|
    +-------------------------------------------+----+----+-----+-----------+
    |EDGE_SHARPENING_KERN_2_reg_744             |  32|   0|   32|          0|
    |add_ln44_4_reg_653                         |   9|   0|   12|          3|
    |add_ln44_6_reg_685                         |   9|   0|   12|          3|
    |add_ln44_7_reg_690                         |   6|   0|    6|          0|
    |add_ln52_reg_803                           |   9|   0|   12|          3|
    |ap_CS_fsm                                  |  22|   0|   22|          0|
    |buffer_load_1_reg_750                      |  32|   0|   32|          0|
    |buffer_load_2_reg_755                      |  32|   0|   32|          0|
    |buffer_load_reg_739                        |  32|   0|   32|          0|
    |c_0_reg_211                                |   6|   0|    6|          0|
    |c_reg_811                                  |   6|   0|    6|          0|
    |chan_0_reg_222                             |   2|   0|    2|          0|
    |chan_reg_824                               |   2|   0|    2|          0|
    |grp_initialize_memory_fu_233_ap_start_reg  |   1|   0|    1|          0|
    |i_0_reg_153                                |   6|   0|    6|          0|
    |j_0_reg_165                                |   6|   0|    6|          0|
    |ki_0_reg_177                               |   3|   0|    3|          0|
    |kj_0_reg_189                               |   3|   0|    3|          0|
    |kj_reg_719                                 |   3|   0|    3|          0|
    |output_addr_1_reg_667                      |  13|   0|   13|          0|
    |output_addr_2_reg_672                      |  13|   0|   13|          0|
    |output_addr_reg_661                        |  13|   0|   13|          0|
    |output_load_1_reg_765                      |  32|   0|   32|          0|
    |output_load_2_reg_775                      |  32|   0|   32|          0|
    |output_load_3_reg_785                      |  32|   0|   32|          0|
    |r_0_reg_200                                |   6|   0|    6|          0|
    |r_reg_798                                  |   6|   0|    6|          0|
    |reg_255                                    |  32|   0|   32|          0|
    |sub_ln44_1_reg_703                         |  14|   0|   14|          0|
    |sub_ln52_reg_816                           |  14|   0|   14|          0|
    |tmp_4_reg_770                              |  32|   0|   32|          0|
    |tmp_6_reg_780                              |  32|   0|   32|          0|
    |tmp_7_reg_790                              |  32|   0|   32|          0|
    |tmp_reg_760                                |  32|   0|   32|          0|
    |zext_ln52_5_reg_829                        |  14|   0|   64|         50|
    +-------------------------------------------+----+----+-----+-----------+
    |Total                                      | 570|   0|  629|         59|
    +-------------------------------------------+----+----+-----+-----------+



================================================================
== Interface
================================================================
* Summary: 
+-------------------+-----+-----+------------+---------------------+--------------+
|     RTL Ports     | Dir | Bits|  Protocol  |    Source Object    |    C Type    |
+-------------------+-----+-----+------------+---------------------+--------------+
|ap_clk             |  in |    1| ap_ctrl_hs | convolve<40, 40, 5> | return value |
|ap_rst             |  in |    1| ap_ctrl_hs | convolve<40, 40, 5> | return value |
|ap_start           |  in |    1| ap_ctrl_hs | convolve<40, 40, 5> | return value |
|ap_done            | out |    1| ap_ctrl_hs | convolve<40, 40, 5> | return value |
|ap_idle            | out |    1| ap_ctrl_hs | convolve<40, 40, 5> | return value |
|ap_ready           | out |    1| ap_ctrl_hs | convolve<40, 40, 5> | return value |
|buffer_r_address0  | out |   13|  ap_memory |       buffer_r      |     array    |
|buffer_r_ce0       | out |    1|  ap_memory |       buffer_r      |     array    |
|buffer_r_q0        |  in |   32|  ap_memory |       buffer_r      |     array    |
|buffer_r_address1  | out |   13|  ap_memory |       buffer_r      |     array    |
|buffer_r_ce1       | out |    1|  ap_memory |       buffer_r      |     array    |
|buffer_r_we1       | out |    1|  ap_memory |       buffer_r      |     array    |
|buffer_r_d1        | out |   32|  ap_memory |       buffer_r      |     array    |
|buffer_r_q1        |  in |   32|  ap_memory |       buffer_r      |     array    |
+-------------------+-----+-----+------------+---------------------+--------------+

