

================================================================
== Vivado HLS Report for 'convolve_2'
================================================================
* Date:           Thu Dec 12 19:51:26 2024

* Version:        2019.2 (Build 2704478 on Wed Nov 06 22:10:23 MST 2019)
* Project:        superres.prj
* Solution:       solution1
* Product family: zynq
* Target device:  xc7z020-clg484-1


================================================================
== Performance Estimates
================================================================
+ Timing: 
    * Summary: 
    +--------+----------+----------+------------+
    |  Clock |  Target  | Estimated| Uncertainty|
    +--------+----------+----------+------------+
    |ap_clk  | 10.00 ns | 8.510 ns |   1.25 ns  |
    +--------+----------+----------+------------+

+ Latency: 
    * Summary: 
    +---------+---------+----------+-----------+--------+---------+---------+
    |  Latency (cycles) |  Latency (absolute)  |     Interval     | Pipeline|
    |   min   |   max   |    min   |    max    |   min  |   max   |   Type  |
    +---------+---------+----------+-----------+--------+---------+---------+
    |   749110|  1502802| 7.491 ms | 15.028 ms |  749110|  1502802|   none  |
    +---------+---------+----------+-----------+--------+---------+---------+

    + Detail: 
        * Instance: 
        N/A

        * Loop: 
        +-----------------------+---------+---------+-------------+-----------+-----------+------+----------+
        |                       |  Latency (cycles) |  Iteration  |  Initiation Interval  | Trip |          |
        |       Loop Name       |   min   |   max   |   Latency   |  achieved |   target  | Count| Pipelined|
        +-----------------------+---------+---------+-------------+-----------+-----------+------+----------+
        |- INIT_LINEBUF         |      970|      970|          194|          -|          -|     5|    no    |
        | + INIT_LINEBUF.1      |      192|      192|            1|          -|          -|   192|    no    |
        |- INIT_WINDOW          |       85|       85|           17|          -|          -|     5|    no    |
        | + INIT_WINDOW.1       |       15|       15|            3|          -|          -|     5|    no    |
        |- CONV_ROW             |   748052|  1501744| 3979 ~ 7988 |          -|          -|   188|    no    |
        | + CONV_COL            |     3948|     5452|   21 ~ 29   |          -|          -|   188|    no    |
        |  ++ DOT_PRODUCT       |       17|       17|            6|          3|          1|     5|    yes   |
        |  ++ CONV_COL.2        |        5|        5|            1|          1|          1|     5|    yes   |
        | + UPDATE_LINEBUF      |     2312|     2312|          578|          -|          -|     4|    no    |
        |  ++ UPDATE_LINEBUF.1  |      576|      576|            3|          -|          -|   192|    no    |
        | + CONV_ROW.3          |      192|      192|            1|          -|          -|   192|    no    |
        | + RELOAD_WINDOW_L     |       26|       26|            2|          1|          1|    25|    yes   |
        +-----------------------+---------+---------+-------------+-----------+-----------+------+----------+



================================================================
== Utilization Estimates
================================================================
* Summary: 
+-----------------+---------+-------+--------+-------+-----+
|       Name      | BRAM_18K| DSP48E|   FF   |  LUT  | URAM|
+-----------------+---------+-------+--------+-------+-----+
|DSP              |        -|      -|       -|      -|    -|
|Expression       |        -|     20|       0|    817|    -|
|FIFO             |        -|      -|       -|      -|    -|
|Instance         |        -|      -|       0|    297|    -|
|Memory           |        5|      -|     140|     15|    0|
|Multiplexer      |        -|      -|       -|   2336|    -|
|Register         |        -|      -|    5549|      -|    -|
+-----------------+---------+-------+--------+-------+-----+
|Total            |        5|     20|    5689|   3465|    0|
+-----------------+---------+-------+--------+-------+-----+
|Available        |      280|    220|  106400|  53200|    0|
+-----------------+---------+-------+--------+-------+-----+
|Utilization (%)  |        1|      9|       5|      6|    0|
+-----------------+---------+-------+--------+-------+-----+

+ Detail: 
    * Instance: 
    +------------------------+-------------------+---------+-------+---+----+-----+
    |        Instance        |       Module      | BRAM_18K| DSP48E| FF| LUT| URAM|
    +------------------------+-------------------+---------+-------+---+----+-----+
    |dut_mux_53_32_1_1_U140  |dut_mux_53_32_1_1  |        0|      0|  0|  27|    0|
    |dut_mux_53_32_1_1_U141  |dut_mux_53_32_1_1  |        0|      0|  0|  27|    0|
    |dut_mux_53_32_1_1_U142  |dut_mux_53_32_1_1  |        0|      0|  0|  27|    0|
    |dut_mux_53_32_1_1_U143  |dut_mux_53_32_1_1  |        0|      0|  0|  27|    0|
    |dut_mux_53_32_1_1_U144  |dut_mux_53_32_1_1  |        0|      0|  0|  27|    0|
    |dut_mux_53_32_1_1_U145  |dut_mux_53_32_1_1  |        0|      0|  0|  27|    0|
    |dut_mux_53_32_1_1_U146  |dut_mux_53_32_1_1  |        0|      0|  0|  27|    0|
    |dut_mux_53_32_1_1_U147  |dut_mux_53_32_1_1  |        0|      0|  0|  27|    0|
    |dut_mux_53_32_1_1_U148  |dut_mux_53_32_1_1  |        0|      0|  0|  27|    0|
    |dut_mux_53_32_1_1_U149  |dut_mux_53_32_1_1  |        0|      0|  0|  27|    0|
    |dut_mux_53_32_1_1_U150  |dut_mux_53_32_1_1  |        0|      0|  0|  27|    0|
    +------------------------+-------------------+---------+-------+---+----+-----+
    |Total                   |                   |        0|      0|  0| 297|    0|
    +------------------------+-------------------+---------+-------+---+----+-----+

    * DSP48E: 
    N/A

    * Memory: 
    +---------------------------+----------------------+---------+----+----+-----+------+-----+------+-------------+
    |           Memory          |        Module        | BRAM_18K| FF | LUT| URAM| Words| Bits| Banks| W*Bits*Banks|
    +---------------------------+----------------------+---------+----+----+-----+------+-----+------+-------------+
    |EDGE_SHARPENING_KERN_13_U  |convolve59_EDGE_Scud  |        0|  26|   3|    0|     5|   26|     1|          130|
    |EDGE_SHARPENING_KERN_14_U  |convolve59_EDGE_Scud  |        0|  26|   3|    0|     5|   26|     1|          130|
    |EDGE_SHARPENING_KERN_11_U  |convolve59_EDGE_SdEe  |        0|  28|   3|    0|     5|   28|     1|          140|
    |EDGE_SHARPENING_KERN_1_U   |convolve59_EDGE_SeOg  |        0|  32|   3|    0|     5|   32|     1|          160|
    |EDGE_SHARPENING_KERN_3_U   |convolve59_EDGE_SfYi  |        0|  28|   3|    0|     5|   28|     1|          140|
    |linebuf_0_V_U              |convolve61_linebuBew  |        1|   0|   0|    0|   192|   32|     1|         6144|
    |linebuf_1_V_U              |convolve61_linebuBew  |        1|   0|   0|    0|   192|   32|     1|         6144|
    |linebuf_2_V_U              |convolve61_linebuBew  |        1|   0|   0|    0|   192|   32|     1|         6144|
    |linebuf_3_V_U              |convolve61_linebuBew  |        1|   0|   0|    0|   192|   32|     1|         6144|
    |linebuf_4_V_U              |convolve61_linebuBew  |        1|   0|   0|    0|   192|   32|     1|         6144|
    +---------------------------+----------------------+---------+----+----+-----+------+-----+------+-------------+
    |Total                      |                      |        5| 140|  15|    0|   985|  300|    10|        31420|
    +---------------------------+----------------------+---------+----+----+-----+------+-----+------+-------------+

    * FIFO: 
    N/A

    * Expression: 
    +---------------------------------+----------+-------+---+----+------------+------------+
    |          Variable Name          | Operation| DSP48E| FF| LUT| Bitwidth P0| Bitwidth P1|
    +---------------------------------+----------+-------+---+----+------------+------------+
    |mul_ln1118_1_fu_4911_p2          |     *    |      4|  0|  20|          32|          28|
    |mul_ln1118_2_fu_5021_p2          |     *    |      4|  0|  20|          32|          28|
    |mul_ln1118_3_fu_5071_p2          |     *    |      4|  0|  20|          32|          26|
    |mul_ln1118_fu_4899_p2            |     *    |      4|  0|  20|          32|          26|
    |mul_ln1192_fu_4999_p2            |     *    |      4|  0|  20|          32|          32|
    |add_ln103_7_fu_5322_p2           |     +    |      0|  0|  12|           3|           1|
    |add_ln103_fu_5302_p2             |     +    |      0|  0|  15|           5|           1|
    |add_ln1192_17_fu_4987_p2         |     +    |      0|  0|  69|          62|          62|
    |add_ln1192_18_fu_5050_p2         |     +    |      0|  0|  69|          62|          62|
    |add_ln1192_19_fu_5087_p2         |     +    |      0|  0|  69|          62|          62|
    |add_ln1192_20_fu_5114_p2         |     +    |      0|  0|  69|          62|          62|
    |add_ln1192_fu_4960_p2            |     +    |      0|  0|  69|          62|          62|
    |add_ln82_fu_5232_p2              |     +    |      0|  0|  15|           8|           3|
    |i_7_fu_4816_p2                   |     +    |      0|  0|  15|           8|           1|
    |i_fu_4534_p2                     |     +    |      0|  0|  12|           3|           1|
    |j_13_fu_5285_p2                  |     +    |      0|  0|  15|           8|           1|
    |j_14_fu_4828_p2                  |     +    |      0|  0|  15|           8|           1|
    |j_fu_4546_p2                     |     +    |      0|  0|  15|           8|           1|
    |k1_19_fu_4846_p2                 |     +    |      0|  0|  12|           3|           1|
    |k1_20_fu_5253_p2                 |     +    |      0|  0|  12|           3|           1|
    |k1_21_fu_5142_p2                 |     +    |      0|  0|  12|           3|           1|
    |k1_fu_4642_p2                    |     +    |      0|  0|  12|           3|           1|
    |k2_13_fu_5265_p2                 |     +    |      0|  0|  15|           8|           1|
    |k2_14_fu_5345_p2                 |     +    |      0|  0|  12|           3|           1|
    |k2_fu_4654_p2                    |     +    |      0|  0|  12|           3|           1|
    |ap_block_state25                 |    and   |      0|  0|   2|           1|           1|
    |ap_block_state3                  |    and   |      0|  0|   2|           1|           1|
    |ap_condition_527                 |    and   |      0|  0|   2|           1|           1|
    |ap_predicate_op522_read_state25  |    and   |      0|  0|   2|           1|           1|
    |icmp_ln103_fu_5296_p2            |   icmp   |      0|  0|  11|           5|           4|
    |icmp_ln104_fu_5308_p2            |   icmp   |      0|  0|   9|           3|           3|
    |icmp_ln42_fu_4528_p2             |   icmp   |      0|  0|   9|           3|           3|
    |icmp_ln43_fu_4540_p2             |   icmp   |      0|  0|  11|           8|           8|
    |icmp_ln50_fu_4636_p2             |   icmp   |      0|  0|   9|           3|           3|
    |icmp_ln51_fu_4648_p2             |   icmp   |      0|  0|   9|           3|           3|
    |icmp_ln57_fu_4810_p2             |   icmp   |      0|  0|  11|           8|           8|
    |icmp_ln59_fu_4822_p2             |   icmp   |      0|  0|  11|           8|           8|
    |icmp_ln62_fu_4840_p2             |   icmp   |      0|  0|   9|           3|           3|
    |icmp_ln71_fu_5130_p2             |   icmp   |      0|  0|  11|           8|           8|
    |icmp_ln73_fu_5136_p2             |   icmp   |      0|  0|   9|           3|           3|
    |icmp_ln88_fu_4834_p2             |   icmp   |      0|  0|  11|           8|           8|
    |icmp_ln91_fu_5247_p2             |   icmp   |      0|  0|   9|           3|           4|
    |icmp_ln92_fu_5259_p2             |   icmp   |      0|  0|  11|           8|           8|
    |icmp_ln96_fu_5279_p2             |   icmp   |      0|  0|  11|           8|           8|
    |ap_block_state1                  |    or    |      0|  0|   2|           1|           1|
    |select_ln103_fu_5328_p3          |  select  |      0|  0|   3|           1|           3|
    |select_ln104_fu_5314_p3          |  select  |      0|  0|   3|           1|           1|
    |ap_enable_pp0                    |    xor   |      0|  0|   2|           1|           2|
    |ap_enable_pp2                    |    xor   |      0|  0|   2|           1|           2|
    +---------------------------------+----------+-------+---+----+------------+------------+
    |Total                            |          |     20|  0| 817|         638|         562|
    +---------------------------------+----------+-------+---+----+------------+------------+

    * Multiplexer: 
    +--------------------------------------------+-----+-----------+-----+-----------+
    |                    Name                    | LUT | Input Size| Bits| Total Bits|
    +--------------------------------------------+-----+-----------+-----+-----------+
    |ap_NS_fsm                                   |  117|         25|    1|         25|
    |ap_done                                     |    9|          2|    1|          2|
    |ap_enable_reg_pp0_iter1                     |    9|          2|    1|          2|
    |ap_enable_reg_pp2_iter1                     |    9|          2|    1|          2|
    |ap_phi_mux_k110_0_phi_fu_1140_p4            |    9|          2|    3|          6|
    |ap_phi_mux_k118_0_phi_fu_2185_p4            |    9|          2|    3|          6|
    |ap_phi_mux_window_0_0_V_10_phi_fu_4451_p50  |   15|          3|   32|         96|
    |ap_phi_mux_window_0_0_V_6_phi_fu_1467_p10   |   15|          3|   32|         96|
    |ap_phi_mux_window_0_1_V_10_phi_fu_4370_p50  |   15|          3|   32|         96|
    |ap_phi_mux_window_0_1_V_6_phi_fu_1572_p10   |   15|          3|   32|         96|
    |ap_phi_mux_window_0_2_V_10_phi_fu_4289_p50  |   15|          3|   32|         96|
    |ap_phi_mux_window_0_2_V_6_phi_fu_1677_p10   |   15|          3|   32|         96|
    |ap_phi_mux_window_0_3_V_10_phi_fu_4208_p50  |   15|          3|   32|         96|
    |ap_phi_mux_window_0_3_V_6_phi_fu_1782_p10   |   15|          3|   32|         96|
    |ap_phi_mux_window_0_4_V_8_phi_fu_4127_p50   |   15|          3|   32|         96|
    |ap_phi_mux_window_1_0_V_10_phi_fu_4046_p50  |   15|          3|   32|         96|
    |ap_phi_mux_window_1_0_V_6_phi_fu_1446_p10   |   15|          3|   32|         96|
    |ap_phi_mux_window_1_1_V_10_phi_fu_3965_p50  |   15|          3|   32|         96|
    |ap_phi_mux_window_1_1_V_6_phi_fu_1551_p10   |   15|          3|   32|         96|
    |ap_phi_mux_window_1_2_V_10_phi_fu_3884_p50  |   15|          3|   32|         96|
    |ap_phi_mux_window_1_2_V_6_phi_fu_1656_p10   |   15|          3|   32|         96|
    |ap_phi_mux_window_1_3_V_10_phi_fu_3803_p50  |   15|          3|   32|         96|
    |ap_phi_mux_window_1_3_V_6_phi_fu_1761_p10   |   15|          3|   32|         96|
    |ap_phi_mux_window_1_4_V_8_phi_fu_3722_p50   |   15|          3|   32|         96|
    |ap_phi_mux_window_2_0_V_10_phi_fu_3641_p50  |   15|          3|   32|         96|
    |ap_phi_mux_window_2_0_V_6_phi_fu_1425_p10   |   15|          3|   32|         96|
    |ap_phi_mux_window_2_1_V_10_phi_fu_3560_p50  |   15|          3|   32|         96|
    |ap_phi_mux_window_2_1_V_6_phi_fu_1530_p10   |   15|          3|   32|         96|
    |ap_phi_mux_window_2_2_V_10_phi_fu_3479_p50  |   15|          3|   32|         96|
    |ap_phi_mux_window_2_2_V_6_phi_fu_1635_p10   |   15|          3|   32|         96|
    |ap_phi_mux_window_2_3_V_10_phi_fu_3398_p50  |   15|          3|   32|         96|
    |ap_phi_mux_window_2_3_V_6_phi_fu_1740_p10   |   15|          3|   32|         96|
    |ap_phi_mux_window_2_4_V_8_phi_fu_3317_p50   |   15|          3|   32|         96|
    |ap_phi_mux_window_3_0_V_10_phi_fu_3236_p50  |   15|          3|   32|         96|
    |ap_phi_mux_window_3_0_V_6_phi_fu_1404_p10   |   15|          3|   32|         96|
    |ap_phi_mux_window_3_1_V_10_phi_fu_3155_p50  |   15|          3|   32|         96|
    |ap_phi_mux_window_3_1_V_6_phi_fu_1509_p10   |   15|          3|   32|         96|
    |ap_phi_mux_window_3_2_V_10_phi_fu_3074_p50  |   15|          3|   32|         96|
    |ap_phi_mux_window_3_2_V_6_phi_fu_1614_p10   |   15|          3|   32|         96|
    |ap_phi_mux_window_3_3_V_10_phi_fu_2993_p50  |   15|          3|   32|         96|
    |ap_phi_mux_window_3_3_V_6_phi_fu_1719_p10   |   15|          3|   32|         96|
    |ap_phi_mux_window_3_4_V_8_phi_fu_2912_p50   |   15|          3|   32|         96|
    |ap_phi_mux_window_4_0_V_10_phi_fu_2831_p50  |   15|          3|   32|         96|
    |ap_phi_mux_window_4_0_V_6_phi_fu_1383_p10   |   15|          3|   32|         96|
    |ap_phi_mux_window_4_1_V_10_phi_fu_2750_p50  |   15|          3|   32|         96|
    |ap_phi_mux_window_4_1_V_6_phi_fu_1488_p10   |   15|          3|   32|         96|
    |ap_phi_mux_window_4_2_V_10_phi_fu_2669_p50  |   15|          3|   32|         96|
    |ap_phi_mux_window_4_2_V_6_phi_fu_1593_p10   |   15|          3|   32|         96|
    |ap_phi_mux_window_4_3_V_10_phi_fu_2588_p50  |   15|          3|   32|         96|
    |ap_phi_mux_window_4_3_V_6_phi_fu_1698_p10   |   15|          3|   32|         96|
    |ap_phi_mux_window_4_4_V_8_phi_fu_2507_p50   |   15|          3|   32|         96|
    |i8_0_reg_824                                |    9|          2|    8|         16|
    |i_0_reg_527                                 |    9|          2|    3|          6|
    |indvar_flatten_reg_2170                     |    9|          2|    5|         10|
    |j17_0_reg_2159                              |    9|          2|    8|         16|
    |j9_0_reg_1111                               |    9|          2|    8|         16|
    |j_0_reg_539                                 |    9|          2|    8|         16|
    |k110_0_reg_1136                             |    9|          2|    3|          6|
    |k112_0_reg_1368                             |    9|          2|    3|          6|
    |k115_0_reg_2119                             |    9|          2|    3|          6|
    |k118_0_reg_2181                             |    9|          2|    3|          6|
    |k1_0_reg_550                                |    9|          2|    3|          6|
    |k216_0_reg_2131                             |    9|          2|    8|         16|
    |k219_0_reg_2192                             |    9|          2|    3|          6|
    |k2_0_reg_562                                |    9|          2|    3|          6|
    |linebuf_0_V_address0                        |   33|          6|    8|         48|
    |linebuf_0_V_d0                              |   15|          3|   32|         96|
    |linebuf_1_V_address0                        |   38|          7|    8|         56|
    |linebuf_1_V_d0                              |   15|          3|   32|         96|
    |linebuf_2_V_address0                        |   38|          7|    8|         56|
    |linebuf_2_V_d0                              |   15|          3|   32|         96|
    |linebuf_3_V_address0                        |   38|          7|    8|         56|
    |linebuf_3_V_d0                              |   15|          3|   32|         96|
    |linebuf_4_V_address0                        |   38|          7|    8|         56|
    |phi_ln203_reg_2142                          |   21|          4|   32|        128|
    |strm_in_V_V_blk_n                           |    9|          2|    1|          2|
    |strm_out_V_V_blk_n                          |    9|          2|    1|          2|
    |tmp_V_20_reg_1123                           |    9|          2|   32|         64|
    |window_0_0_V_3_reg_814                      |    9|          2|   32|         64|
    |window_0_0_V_4_reg_1100                     |    9|          2|   32|         64|
    |window_0_0_V_5_reg_1357                     |    9|          2|   32|         64|
    |window_0_0_V_7_reg_2106                     |    9|          2|   32|         64|
    |window_0_0_V_9_reg_2491                     |    9|          2|   32|         64|
    |window_0_1_V_3_reg_804                      |    9|          2|   32|         64|
    |window_0_1_V_4_reg_1089                     |    9|          2|   32|         64|
    |window_0_1_V_5_reg_1346                     |    9|          2|   32|         64|
    |window_0_1_V_7_reg_2093                     |    9|          2|   32|         64|
    |window_0_1_V_9_reg_2479                     |    9|          2|   32|         64|
    |window_0_2_V_3_reg_794                      |    9|          2|   32|         64|
    |window_0_2_V_4_reg_1078                     |    9|          2|   32|         64|
    |window_0_2_V_5_reg_1335                     |    9|          2|   32|         64|
    |window_0_2_V_7_reg_2080                     |    9|          2|   32|         64|
    |window_0_2_V_9_reg_2467                     |    9|          2|   32|         64|
    |window_0_3_V_3_reg_784                      |    9|          2|   32|         64|
    |window_0_3_V_4_reg_1067                     |    9|          2|   32|         64|
    |window_0_3_V_5_reg_1324                     |    9|          2|   32|         64|
    |window_0_3_V_7_reg_2067                     |    9|          2|   32|         64|
    |window_0_3_V_9_reg_2455                     |    9|          2|   32|         64|
    |window_0_4_V_3_reg_774                      |    9|          2|   32|         64|
    |window_0_4_V_4_reg_1056                     |    9|          2|   32|         64|
    |window_0_4_V_5_reg_2055                     |    9|          2|   32|         64|
    |window_0_4_V_7_reg_2443                     |    9|          2|   32|         64|
    |window_1_0_V_3_reg_764                      |    9|          2|   32|         64|
    |window_1_0_V_4_reg_1045                     |    9|          2|   32|         64|
    |window_1_0_V_5_reg_1313                     |    9|          2|   32|         64|
    |window_1_0_V_7_reg_2042                     |    9|          2|   32|         64|
    |window_1_0_V_9_reg_2431                     |    9|          2|   32|         64|
    |window_1_1_V_3_reg_754                      |    9|          2|   32|         64|
    |window_1_1_V_4_reg_1034                     |    9|          2|   32|         64|
    |window_1_1_V_5_reg_1302                     |    9|          2|   32|         64|
    |window_1_1_V_7_reg_2029                     |    9|          2|   32|         64|
    |window_1_1_V_9_reg_2419                     |    9|          2|   32|         64|
    |window_1_2_V_3_reg_744                      |    9|          2|   32|         64|
    |window_1_2_V_4_reg_1023                     |    9|          2|   32|         64|
    |window_1_2_V_5_reg_1291                     |    9|          2|   32|         64|
    |window_1_2_V_7_reg_2016                     |    9|          2|   32|         64|
    |window_1_2_V_9_reg_2407                     |    9|          2|   32|         64|
    |window_1_3_V_3_reg_734                      |    9|          2|   32|         64|
    |window_1_3_V_4_reg_1012                     |    9|          2|   32|         64|
    |window_1_3_V_5_reg_1280                     |    9|          2|   32|         64|
    |window_1_3_V_7_reg_2003                     |    9|          2|   32|         64|
    |window_1_3_V_9_reg_2395                     |    9|          2|   32|         64|
    |window_1_4_V_3_reg_724                      |    9|          2|   32|         64|
    |window_1_4_V_4_reg_1001                     |    9|          2|   32|         64|
    |window_1_4_V_5_reg_1991                     |    9|          2|   32|         64|
    |window_1_4_V_7_reg_2383                     |    9|          2|   32|         64|
    |window_2_0_V_3_reg_714                      |    9|          2|   32|         64|
    |window_2_0_V_4_reg_990                      |    9|          2|   32|         64|
    |window_2_0_V_5_reg_1269                     |    9|          2|   32|         64|
    |window_2_0_V_7_reg_1978                     |    9|          2|   32|         64|
    |window_2_0_V_9_reg_2371                     |    9|          2|   32|         64|
    |window_2_1_V_3_reg_704                      |    9|          2|   32|         64|
    |window_2_1_V_4_reg_979                      |    9|          2|   32|         64|
    |window_2_1_V_5_reg_1258                     |    9|          2|   32|         64|
    |window_2_1_V_7_reg_1965                     |    9|          2|   32|         64|
    |window_2_1_V_9_reg_2359                     |    9|          2|   32|         64|
    |window_2_2_V_3_reg_694                      |    9|          2|   32|         64|
    |window_2_2_V_4_reg_968                      |    9|          2|   32|         64|
    |window_2_2_V_5_reg_1247                     |    9|          2|   32|         64|
    |window_2_2_V_7_reg_1952                     |    9|          2|   32|         64|
    |window_2_2_V_9_reg_2347                     |    9|          2|   32|         64|
    |window_2_3_V_3_reg_684                      |    9|          2|   32|         64|
    |window_2_3_V_4_reg_957                      |    9|          2|   32|         64|
    |window_2_3_V_5_reg_1236                     |    9|          2|   32|         64|
    |window_2_3_V_7_reg_1939                     |    9|          2|   32|         64|
    |window_2_3_V_9_reg_2335                     |    9|          2|   32|         64|
    |window_2_4_V_3_reg_674                      |    9|          2|   32|         64|
    |window_2_4_V_4_reg_946                      |    9|          2|   32|         64|
    |window_2_4_V_5_reg_1927                     |    9|          2|   32|         64|
    |window_2_4_V_7_reg_2323                     |    9|          2|   32|         64|
    |window_3_0_V_3_reg_664                      |    9|          2|   32|         64|
    |window_3_0_V_4_reg_935                      |    9|          2|   32|         64|
    |window_3_0_V_5_reg_1225                     |    9|          2|   32|         64|
    |window_3_0_V_7_reg_1914                     |    9|          2|   32|         64|
    |window_3_0_V_9_reg_2311                     |    9|          2|   32|         64|
    |window_3_1_V_3_reg_654                      |    9|          2|   32|         64|
    |window_3_1_V_4_reg_924                      |    9|          2|   32|         64|
    |window_3_1_V_5_reg_1214                     |    9|          2|   32|         64|
    |window_3_1_V_7_reg_1901                     |    9|          2|   32|         64|
    |window_3_1_V_9_reg_2299                     |    9|          2|   32|         64|
    |window_3_2_V_3_reg_644                      |    9|          2|   32|         64|
    |window_3_2_V_4_reg_913                      |    9|          2|   32|         64|
    |window_3_2_V_5_reg_1203                     |    9|          2|   32|         64|
    |window_3_2_V_7_reg_1888                     |    9|          2|   32|         64|
    |window_3_2_V_9_reg_2287                     |    9|          2|   32|         64|
    |window_3_3_V_3_reg_634                      |    9|          2|   32|         64|
    |window_3_3_V_4_reg_902                      |    9|          2|   32|         64|
    |window_3_3_V_5_reg_1192                     |    9|          2|   32|         64|
    |window_3_3_V_7_reg_1875                     |    9|          2|   32|         64|
    |window_3_3_V_9_reg_2275                     |    9|          2|   32|         64|
    |window_3_4_V_3_reg_624                      |    9|          2|   32|         64|
    |window_3_4_V_4_reg_891                      |    9|          2|   32|         64|
    |window_3_4_V_5_reg_1863                     |    9|          2|   32|         64|
    |window_3_4_V_7_reg_2263                     |    9|          2|   32|         64|
    |window_4_0_V_3_reg_614                      |    9|          2|   32|         64|
    |window_4_0_V_4_reg_880                      |    9|          2|   32|         64|
    |window_4_0_V_5_reg_1181                     |    9|          2|   32|         64|
    |window_4_0_V_7_reg_1850                     |    9|          2|   32|         64|
    |window_4_0_V_9_reg_2251                     |    9|          2|   32|         64|
    |window_4_1_V_3_reg_604                      |    9|          2|   32|         64|
    |window_4_1_V_4_reg_869                      |    9|          2|   32|         64|
    |window_4_1_V_5_reg_1170                     |    9|          2|   32|         64|
    |window_4_1_V_7_reg_1837                     |    9|          2|   32|         64|
    |window_4_1_V_9_reg_2239                     |    9|          2|   32|         64|
    |window_4_2_V_3_reg_594                      |    9|          2|   32|         64|
    |window_4_2_V_4_reg_858                      |    9|          2|   32|         64|
    |window_4_2_V_5_reg_1159                     |    9|          2|   32|         64|
    |window_4_2_V_7_reg_1824                     |    9|          2|   32|         64|
    |window_4_2_V_9_reg_2227                     |    9|          2|   32|         64|
    |window_4_3_V_3_reg_584                      |    9|          2|   32|         64|
    |window_4_3_V_4_reg_847                      |    9|          2|   32|         64|
    |window_4_3_V_5_reg_1148                     |    9|          2|   32|         64|
    |window_4_3_V_7_reg_1811                     |    9|          2|   32|         64|
    |window_4_3_V_9_reg_2215                     |    9|          2|   32|         64|
    |window_4_4_V_3_reg_574                      |    9|          2|   32|         64|
    |window_4_4_V_4_reg_836                      |    9|          2|   32|         64|
    |window_4_4_V_5_reg_1799                     |    9|          2|   32|         64|
    |window_4_4_V_7_reg_2203                     |    9|          2|   32|         64|
    +--------------------------------------------+-----+-----------+-----+-----------+
    |Total                                       | 2336|        494| 5593|      13033|
    +--------------------------------------------+-----+-----------+-----+-----------+

    * Register: 
    +-----------------------------------+----+----+-----+-----------+
    |                Name               | FF | LUT| Bits| Const Bits|
    +-----------------------------------+----+----+-----+-----------+
    |EDGE_SHARPENING_KERN_106_reg_5783  |  26|   0|   26|          0|
    |EDGE_SHARPENING_KERN_108_reg_5793  |  28|   0|   28|          0|
    |EDGE_SHARPENING_KERN_110_reg_5798  |  32|   0|   32|          0|
    |EDGE_SHARPENING_KERN_112_reg_5803  |  28|   0|   28|          0|
    |EDGE_SHARPENING_KERN_114_reg_5808  |  26|   0|   26|          0|
    |ap_CS_fsm                          |  24|   0|   24|          0|
    |ap_done_reg                        |   1|   0|    1|          0|
    |ap_enable_reg_pp0_iter0            |   1|   0|    1|          0|
    |ap_enable_reg_pp0_iter1            |   1|   0|    1|          0|
    |ap_enable_reg_pp2_iter0            |   1|   0|    1|          0|
    |ap_enable_reg_pp2_iter1            |   1|   0|    1|          0|
    |i8_0_reg_824                       |   8|   0|    8|          0|
    |i_0_reg_527                        |   3|   0|    3|          0|
    |i_7_reg_5726                       |   8|   0|    8|          0|
    |i_reg_5394                         |   3|   0|    3|          0|
    |icmp_ln103_reg_6005                |   1|   0|    1|          0|
    |icmp_ln62_reg_5744                 |   1|   0|    1|          0|
    |icmp_ln62_reg_5744_pp0_iter1_reg   |   1|   0|    1|          0|
    |icmp_ln88_reg_5740                 |   1|   0|    1|          0|
    |indvar_flatten_reg_2170            |   5|   0|    5|          0|
    |j17_0_reg_2159                     |   8|   0|    8|          0|
    |j9_0_reg_1111                      |   8|   0|    8|          0|
    |j_0_reg_539                        |   8|   0|    8|          0|
    |j_14_reg_5735                      |   8|   0|    8|          0|
    |k110_0_reg_1136                    |   3|   0|    3|          0|
    |k112_0_reg_1368                    |   3|   0|    3|          0|
    |k115_0_reg_2119                    |   3|   0|    3|          0|
    |k118_0_reg_2181                    |   3|   0|    3|          0|
    |k1_0_reg_550                       |   3|   0|    3|          0|
    |k1_19_reg_5748                     |   3|   0|    3|          0|
    |k1_20_reg_5933                     |   3|   0|    3|          0|
    |k1_reg_5685                        |   3|   0|    3|          0|
    |k216_0_reg_2131                    |   8|   0|    8|          0|
    |k219_0_reg_2192                    |   3|   0|    3|          0|
    |k2_0_reg_562                       |   3|   0|    3|          0|
    |k2_13_reg_5941                     |   8|   0|    8|          0|
    |k2_reg_5693                        |   3|   0|    3|          0|
    |linebuf_0_V_addr_15_reg_5991       |   8|   0|    8|          0|
    |linebuf_1_V_addr_14_reg_5951       |   8|   0|    8|          0|
    |linebuf_2_V_addr_14_reg_5956       |   8|   0|    8|          0|
    |linebuf_3_V_addr_14_reg_5961       |   8|   0|    8|          0|
    |mul_ln1118_1_reg_5818              |  59|   0|   59|          0|
    |mul_ln1118_2_reg_5843              |  59|   0|   59|          0|
    |mul_ln1118_3_reg_5858              |  57|   0|   57|          0|
    |mul_ln1118_reg_5813                |  57|   0|   57|          0|
    |mul_ln1192_reg_5833                |  62|   0|   62|          0|
    |phi_ln203_reg_2142                 |  32|   0|   32|          0|
    |select_ln103_reg_6018              |   3|   0|    3|          0|
    |select_ln104_reg_6014              |   3|   0|    3|          0|
    |tmp_51_reg_5778                    |  32|   0|   32|          0|
    |tmp_52_reg_5788                    |  32|   0|   32|          0|
    |tmp_54_reg_5823                    |  32|   0|   32|          0|
    |tmp_55_reg_5838                    |  32|   0|   32|          0|
    |tmp_56_reg_5828                    |  32|   0|   32|          0|
    |tmp_57_reg_5853                    |  32|   0|   32|          0|
    |tmp_58_reg_5848                    |  32|   0|   32|          0|
    |tmp_V_20_reg_1123                  |  32|   0|   32|          0|
    |window_0_0_V_3_reg_814             |  32|   0|   32|          0|
    |window_0_0_V_4_reg_1100            |  32|   0|   32|          0|
    |window_0_0_V_5_reg_1357            |  32|   0|   32|          0|
    |window_0_0_V_7_reg_2106            |  32|   0|   32|          0|
    |window_0_0_V_9_reg_2491            |  32|   0|   32|          0|
    |window_0_1_V_3_reg_804             |  32|   0|   32|          0|
    |window_0_1_V_4_reg_1089            |  32|   0|   32|          0|
    |window_0_1_V_5_reg_1346            |  32|   0|   32|          0|
    |window_0_1_V_7_reg_2093            |  32|   0|   32|          0|
    |window_0_1_V_9_reg_2479            |  32|   0|   32|          0|
    |window_0_2_V_3_reg_794             |  32|   0|   32|          0|
    |window_0_2_V_4_reg_1078            |  32|   0|   32|          0|
    |window_0_2_V_5_reg_1335            |  32|   0|   32|          0|
    |window_0_2_V_7_reg_2080            |  32|   0|   32|          0|
    |window_0_2_V_9_reg_2467            |  32|   0|   32|          0|
    |window_0_3_V_3_reg_784             |  32|   0|   32|          0|
    |window_0_3_V_4_reg_1067            |  32|   0|   32|          0|
    |window_0_3_V_5_reg_1324            |  32|   0|   32|          0|
    |window_0_3_V_7_reg_2067            |  32|   0|   32|          0|
    |window_0_3_V_9_reg_2455            |  32|   0|   32|          0|
    |window_0_4_V_3_reg_774             |  32|   0|   32|          0|
    |window_0_4_V_4_reg_1056            |  32|   0|   32|          0|
    |window_0_4_V_5_reg_2055            |  32|   0|   32|          0|
    |window_0_4_V_7_reg_2443            |  32|   0|   32|          0|
    |window_1_0_V_3_reg_764             |  32|   0|   32|          0|
    |window_1_0_V_4_reg_1045            |  32|   0|   32|          0|
    |window_1_0_V_5_reg_1313            |  32|   0|   32|          0|
    |window_1_0_V_7_reg_2042            |  32|   0|   32|          0|
    |window_1_0_V_9_reg_2431            |  32|   0|   32|          0|
    |window_1_1_V_3_reg_754             |  32|   0|   32|          0|
    |window_1_1_V_4_reg_1034            |  32|   0|   32|          0|
    |window_1_1_V_5_reg_1302            |  32|   0|   32|          0|
    |window_1_1_V_7_reg_2029            |  32|   0|   32|          0|
    |window_1_1_V_9_reg_2419            |  32|   0|   32|          0|
    |window_1_2_V_3_reg_744             |  32|   0|   32|          0|
    |window_1_2_V_4_reg_1023            |  32|   0|   32|          0|
    |window_1_2_V_5_reg_1291            |  32|   0|   32|          0|
    |window_1_2_V_7_reg_2016            |  32|   0|   32|          0|
    |window_1_2_V_9_reg_2407            |  32|   0|   32|          0|
    |window_1_3_V_3_reg_734             |  32|   0|   32|          0|
    |window_1_3_V_4_reg_1012            |  32|   0|   32|          0|
    |window_1_3_V_5_reg_1280            |  32|   0|   32|          0|
    |window_1_3_V_7_reg_2003            |  32|   0|   32|          0|
    |window_1_3_V_9_reg_2395            |  32|   0|   32|          0|
    |window_1_4_V_3_reg_724             |  32|   0|   32|          0|
    |window_1_4_V_4_reg_1001            |  32|   0|   32|          0|
    |window_1_4_V_5_reg_1991            |  32|   0|   32|          0|
    |window_1_4_V_7_reg_2383            |  32|   0|   32|          0|
    |window_2_0_V_3_reg_714             |  32|   0|   32|          0|
    |window_2_0_V_4_reg_990             |  32|   0|   32|          0|
    |window_2_0_V_5_reg_1269            |  32|   0|   32|          0|
    |window_2_0_V_7_reg_1978            |  32|   0|   32|          0|
    |window_2_0_V_9_reg_2371            |  32|   0|   32|          0|
    |window_2_1_V_3_reg_704             |  32|   0|   32|          0|
    |window_2_1_V_4_reg_979             |  32|   0|   32|          0|
    |window_2_1_V_5_reg_1258            |  32|   0|   32|          0|
    |window_2_1_V_7_reg_1965            |  32|   0|   32|          0|
    |window_2_1_V_9_reg_2359            |  32|   0|   32|          0|
    |window_2_2_V_3_reg_694             |  32|   0|   32|          0|
    |window_2_2_V_4_reg_968             |  32|   0|   32|          0|
    |window_2_2_V_5_reg_1247            |  32|   0|   32|          0|
    |window_2_2_V_7_reg_1952            |  32|   0|   32|          0|
    |window_2_2_V_9_reg_2347            |  32|   0|   32|          0|
    |window_2_3_V_3_reg_684             |  32|   0|   32|          0|
    |window_2_3_V_4_reg_957             |  32|   0|   32|          0|
    |window_2_3_V_5_reg_1236            |  32|   0|   32|          0|
    |window_2_3_V_7_reg_1939            |  32|   0|   32|          0|
    |window_2_3_V_9_reg_2335            |  32|   0|   32|          0|
    |window_2_4_V_3_reg_674             |  32|   0|   32|          0|
    |window_2_4_V_4_reg_946             |  32|   0|   32|          0|
    |window_2_4_V_5_reg_1927            |  32|   0|   32|          0|
    |window_2_4_V_7_reg_2323            |  32|   0|   32|          0|
    |window_3_0_V_3_reg_664             |  32|   0|   32|          0|
    |window_3_0_V_4_reg_935             |  32|   0|   32|          0|
    |window_3_0_V_5_reg_1225            |  32|   0|   32|          0|
    |window_3_0_V_7_reg_1914            |  32|   0|   32|          0|
    |window_3_0_V_9_reg_2311            |  32|   0|   32|          0|
    |window_3_1_V_3_reg_654             |  32|   0|   32|          0|
    |window_3_1_V_4_reg_924             |  32|   0|   32|          0|
    |window_3_1_V_5_reg_1214            |  32|   0|   32|          0|
    |window_3_1_V_7_reg_1901            |  32|   0|   32|          0|
    |window_3_1_V_9_reg_2299            |  32|   0|   32|          0|
    |window_3_2_V_3_reg_644             |  32|   0|   32|          0|
    |window_3_2_V_4_reg_913             |  32|   0|   32|          0|
    |window_3_2_V_5_reg_1203            |  32|   0|   32|          0|
    |window_3_2_V_7_reg_1888            |  32|   0|   32|          0|
    |window_3_2_V_9_reg_2287            |  32|   0|   32|          0|
    |window_3_3_V_3_reg_634             |  32|   0|   32|          0|
    |window_3_3_V_4_reg_902             |  32|   0|   32|          0|
    |window_3_3_V_5_reg_1192            |  32|   0|   32|          0|
    |window_3_3_V_7_reg_1875            |  32|   0|   32|          0|
    |window_3_3_V_9_reg_2275            |  32|   0|   32|          0|
    |window_3_4_V_3_reg_624             |  32|   0|   32|          0|
    |window_3_4_V_4_reg_891             |  32|   0|   32|          0|
    |window_3_4_V_5_reg_1863            |  32|   0|   32|          0|
    |window_3_4_V_7_reg_2263            |  32|   0|   32|          0|
    |window_4_0_V_3_reg_614             |  32|   0|   32|          0|
    |window_4_0_V_4_reg_880             |  32|   0|   32|          0|
    |window_4_0_V_5_reg_1181            |  32|   0|   32|          0|
    |window_4_0_V_7_reg_1850            |  32|   0|   32|          0|
    |window_4_0_V_9_reg_2251            |  32|   0|   32|          0|
    |window_4_1_V_3_reg_604             |  32|   0|   32|          0|
    |window_4_1_V_4_reg_869             |  32|   0|   32|          0|
    |window_4_1_V_5_reg_1170            |  32|   0|   32|          0|
    |window_4_1_V_7_reg_1837            |  32|   0|   32|          0|
    |window_4_1_V_9_reg_2239            |  32|   0|   32|          0|
    |window_4_2_V_3_reg_594             |  32|   0|   32|          0|
    |window_4_2_V_4_reg_858             |  32|   0|   32|          0|
    |window_4_2_V_5_reg_1159            |  32|   0|   32|          0|
    |window_4_2_V_7_reg_1824            |  32|   0|   32|          0|
    |window_4_2_V_9_reg_2227            |  32|   0|   32|          0|
    |window_4_3_V_3_reg_584             |  32|   0|   32|          0|
    |window_4_3_V_4_reg_847             |  32|   0|   32|          0|
    |window_4_3_V_5_reg_1148            |  32|   0|   32|          0|
    |window_4_3_V_7_reg_1811            |  32|   0|   32|          0|
    |window_4_3_V_9_reg_2215            |  32|   0|   32|          0|
    |window_4_4_V_168_fu_138            |  32|   0|   32|          0|
    |window_4_4_V_169_fu_142            |  32|   0|   32|          0|
    |window_4_4_V_170_fu_146            |  32|   0|   32|          0|
    |window_4_4_V_171_fu_150            |  32|   0|   32|          0|
    |window_4_4_V_172_fu_154            |  32|   0|   32|          0|
    |window_4_4_V_173_fu_158            |  32|   0|   32|          0|
    |window_4_4_V_174_fu_162            |  32|   0|   32|          0|
    |window_4_4_V_175_fu_166            |  32|   0|   32|          0|
    |window_4_4_V_176_fu_170            |  32|   0|   32|          0|
    |window_4_4_V_177_fu_174            |  32|   0|   32|          0|
    |window_4_4_V_178_fu_178            |  32|   0|   32|          0|
    |window_4_4_V_179_fu_182            |  32|   0|   32|          0|
    |window_4_4_V_180_fu_186            |  32|   0|   32|          0|
    |window_4_4_V_181_fu_190            |  32|   0|   32|          0|
    |window_4_4_V_182_fu_194            |  32|   0|   32|          0|
    |window_4_4_V_183_fu_198            |  32|   0|   32|          0|
    |window_4_4_V_184_fu_202            |  32|   0|   32|          0|
    |window_4_4_V_185_fu_206            |  32|   0|   32|          0|
    |window_4_4_V_186_fu_210            |  32|   0|   32|          0|
    |window_4_4_V_187_fu_214            |  32|   0|   32|          0|
    |window_4_4_V_188_fu_218            |  32|   0|   32|          0|
    |window_4_4_V_189_fu_222            |  32|   0|   32|          0|
    |window_4_4_V_190_fu_226            |  32|   0|   32|          0|
    |window_4_4_V_191_fu_230            |  32|   0|   32|          0|
    |window_4_4_V_192_fu_234            |  32|   0|   32|          0|
    |window_4_4_V_3_reg_574             |  32|   0|   32|          0|
    |window_4_4_V_4_reg_836             |  32|   0|   32|          0|
    |window_4_4_V_5_reg_1799            |  32|   0|   32|          0|
    |window_4_4_V_7_reg_2203            |  32|   0|   32|          0|
    |zext_ln93_reg_5946                 |   8|   0|   64|         56|
    +-----------------------------------+----+----+-----+-----------+
    |Total                              |5549|   0| 5605|         56|
    +-----------------------------------+----+----+-----+-----------+



================================================================
== Interface
================================================================
* Summary: 
+---------------------+-----+-----+------------+--------------+--------------+
|      RTL Ports      | Dir | Bits|  Protocol  | Source Object|    C Type    |
+---------------------+-----+-----+------------+--------------+--------------+
|ap_clk               |  in |    1| ap_ctrl_hs |  convolve.2  | return value |
|ap_rst               |  in |    1| ap_ctrl_hs |  convolve.2  | return value |
|ap_start             |  in |    1| ap_ctrl_hs |  convolve.2  | return value |
|ap_done              | out |    1| ap_ctrl_hs |  convolve.2  | return value |
|ap_continue          |  in |    1| ap_ctrl_hs |  convolve.2  | return value |
|ap_idle              | out |    1| ap_ctrl_hs |  convolve.2  | return value |
|ap_ready             | out |    1| ap_ctrl_hs |  convolve.2  | return value |
|strm_in_V_V_dout     |  in |   32|   ap_fifo  |  strm_in_V_V |    pointer   |
|strm_in_V_V_empty_n  |  in |    1|   ap_fifo  |  strm_in_V_V |    pointer   |
|strm_in_V_V_read     | out |    1|   ap_fifo  |  strm_in_V_V |    pointer   |
|strm_out_V_V_din     | out |   32|   ap_fifo  | strm_out_V_V |    pointer   |
|strm_out_V_V_full_n  |  in |    1|   ap_fifo  | strm_out_V_V |    pointer   |
|strm_out_V_V_write   | out |    1|   ap_fifo  | strm_out_V_V |    pointer   |
+---------------------+-----+-----+------------+--------------+--------------+

