

================================================================
== Vivado HLS Report for 'convolve_40_40_5_s'
================================================================
* Date:           Mon Nov 25 01:45:45 2024

* Version:        2019.2 (Build 2704478 on Wed Nov 06 22:10:23 MST 2019)
* Project:        superres.prj
* Solution:       solution1
* Product family: zynq
* Target device:  xc7z020-clg484-1


================================================================
== Performance Estimates
================================================================
+ Timing: 
    * Summary: 
    +--------+----------+----------+------------+
    |  Clock |  Target  | Estimated| Uncertainty|
    +--------+----------+----------+------------+
    |ap_clk  | 10.00 ns | 8.510 ns |   1.25 ns  |
    +--------+----------+----------+------------+

+ Latency: 
    * Summary: 
    +---------+---------+----------+----------+--------+--------+---------+
    |  Latency (cycles) |  Latency (absolute) |     Interval    | Pipeline|
    |   min   |   max   |    min   |    max   |   min  |   max  |   Type  |
    +---------+---------+----------+----------+--------+--------+---------+
    |   198588|   198588| 1.986 ms | 1.986 ms |  198588|  198588|   none  |
    +---------+---------+----------+----------+--------+--------+---------+

    + Detail: 
        * Instance: 
        +------------------------------+-------------------+---------+---------+-----------+-----------+------+------+---------+
        |                              |                   |  Latency (cycles) |   Latency (absolute)  |   Interval  | Pipeline|
        |           Instance           |       Module      |   min   |   max   |    min    |    max    |  min |  max |   Type  |
        +------------------------------+-------------------+---------+---------+-----------+-----------+------+------+---------+
        |grp_initialize_memory_fu_243  |initialize_memory  |     8081|     8081| 80.810 us | 80.810 us |  8081|  8081|   none  |
        +------------------------------+-------------------+---------+---------+-----------+-----------+------+------+---------+

        * Loop: 
        +---------------------+---------+---------+----------+-----------+-----------+------+----------+
        |                     |  Latency (cycles) | Iteration|  Initiation Interval  | Trip |          |
        |      Loop Name      |   min   |   max   |  Latency |  achieved |   target  | Count| Pipelined|
        +---------------------+---------+---------+----------+-----------+-----------+------+----------+
        |- Loop 1             |   177624|   177624|      4934|          -|          -|    36|    no    |
        | + Loop 1.1          |     4932|     4932|       137|          -|          -|    36|    no    |
        |  ++ Loop 1.1.1      |      135|      135|        27|          -|          -|     5|    no    |
        |   +++ Loop 1.1.1.1  |       25|       25|         5|          -|          -|     5|    no    |
        |- Loop 2             |    12880|    12880|       322|          -|          -|    40|    no    |
        | + Loop 2.1          |      320|      320|         8|          -|          -|    40|    no    |
        |  ++ Loop 2.1.1      |        6|        6|         2|          -|          -|     3|    no    |
        +---------------------+---------+---------+----------+-----------+-----------+------+----------+



================================================================
== Utilization Estimates
================================================================
* Summary: 
+-----------------+---------+-------+--------+-------+-----+
|       Name      | BRAM_18K| DSP48E|   FF   |  LUT  | URAM|
+-----------------+---------+-------+--------+-------+-----+
|DSP              |        -|      -|       -|      -|    -|
|Expression       |        -|     12|       0|    721|    -|
|FIFO             |        -|      -|       -|      -|    -|
|Instance         |        -|      -|      53|    186|    -|
|Memory           |       16|      -|      26|     11|    0|
|Multiplexer      |        -|      -|       -|    257|    -|
|Register         |        -|      -|     556|      -|    -|
+-----------------+---------+-------+--------+-------+-----+
|Total            |       16|     12|     635|   1175|    0|
+-----------------+---------+-------+--------+-------+-----+
|Available        |      280|    220|  106400|  53200|    0|
+-----------------+---------+-------+--------+-------+-----+
|Utilization (%)  |        5|      5|   ~0   |      2|    0|
+-----------------+---------+-------+--------+-------+-----+

+ Detail: 
    * Instance: 
    +------------------------------+-------------------+---------+-------+----+-----+-----+
    |           Instance           |       Module      | BRAM_18K| DSP48E| FF | LUT | URAM|
    +------------------------------+-------------------+---------+-------+----+-----+-----+
    |grp_initialize_memory_fu_243  |initialize_memory  |        0|      0|  53|  186|    0|
    +------------------------------+-------------------+---------+-------+----+-----+-----+
    |Total                         |                   |        0|      0|  53|  186|    0|
    +------------------------------+-------------------+---------+-------+----+-----+-----+

    * DSP48E: 
    N/A

    * Memory: 
    +------------------------+----------------------+---------+----+----+-----+------+-----+------+-------------+
    |         Memory         |        Module        | BRAM_18K| FF | LUT| URAM| Words| Bits| Banks| W*Bits*Banks|
    +------------------------+----------------------+---------+----+----+-----+------+-----+------+-------------+
    |EDGE_SHARPENING_KERN_U  |convolve_40_40_5_bkb  |        0|  26|  11|    0|    25|   26|     1|          650|
    |output_V_U              |convolve_40_40_5_cud  |       16|   0|   0|    0|  4800|   32|     1|       153600|
    +------------------------+----------------------+---------+----+----+-----+------+-----+------+-------------+
    |Total                   |                      |       16|  26|  11|    0|  4825|   58|     2|       154250|
    +------------------------+----------------------+---------+----+----+-----+------+-----+------+-------------+

    * FIFO: 
    N/A

    * Expression: 
    +------------------------+----------+-------+---+----+------------+------------+
    |      Variable Name     | Operation| DSP48E| FF| LUT| Bitwidth P0| Bitwidth P1|
    +------------------------+----------+-------+---+----+------------+------------+
    |mul_ln1192_1_fu_580_p2  |     *    |      4|  0|  20|          26|          32|
    |mul_ln1192_2_fu_588_p2  |     *    |      4|  0|  20|          26|          32|
    |mul_ln1192_fu_546_p2    |     *    |      4|  0|  20|          32|          26|
    |add_ln1116_1_fu_459_p2  |     +    |      0|  0|  12|          12|          12|
    |add_ln1116_2_fu_519_p2  |     +    |      0|  0|  19|          14|           1|
    |add_ln1116_3_fu_529_p2  |     +    |      0|  0|  19|          14|           2|
    |add_ln1116_fu_399_p2    |     +    |      0|  0|  12|          12|          12|
    |add_ln1117_1_fu_497_p2  |     +    |      0|  0|  15|           6|           6|
    |add_ln1117_fu_427_p2    |     +    |      0|  0|  15|           6|           6|
    |add_ln1265_1_fu_303_p2  |     +    |      0|  0|  12|          12|          12|
    |add_ln1265_2_fu_331_p2  |     +    |      0|  0|  19|          14|           1|
    |add_ln1265_3_fu_342_p2  |     +    |      0|  0|  19|          14|           2|
    |add_ln1265_fu_287_p2    |     +    |      0|  0|  12|          12|          12|
    |add_ln203_10_fu_698_p2  |     +    |      0|  0|  12|          12|          12|
    |add_ln203_11_fu_737_p2  |     +    |      0|  0|  19|          14|          14|
    |add_ln203_fu_676_p2     |     +    |      0|  0|  12|          12|          12|
    |add_ln36_1_fu_405_p2    |     +    |      0|  0|  12|           3|           2|
    |add_ln36_2_fu_449_p2    |     +    |      0|  0|  15|           6|           6|
    |add_ln36_3_fu_487_p2    |     +    |      0|  0|  12|           3|           2|
    |add_ln36_fu_369_p2      |     +    |      0|  0|  15|           6|           6|
    |c_fu_688_p2             |     +    |      0|  0|  15|           6|           1|
    |chan_fu_727_p2          |     +    |      0|  0|  10|           2|           1|
    |i_fu_353_p2             |     +    |      0|  0|  15|           6|           1|
    |j_fu_433_p2             |     +    |      0|  0|  15|           6|           1|
    |ki_fu_513_p2            |     +    |      0|  0|  12|           3|           1|
    |kj_fu_507_p2            |     +    |      0|  0|  12|           3|           1|
    |r_fu_646_p2             |     +    |      0|  0|  15|           6|           1|
    |ret_V_1_fu_601_p2       |     +    |      0|  0|  63|          56|          56|
    |ret_V_2_fu_624_p2       |     +    |      0|  0|  63|          56|          56|
    |ret_V_fu_560_p2         |     +    |      0|  0|  63|          56|          56|
    |sub_ln1116_fu_476_p2    |     -    |      0|  0|  19|          14|          14|
    |sub_ln1265_fu_320_p2    |     -    |      0|  0|  19|          14|          14|
    |sub_ln203_fu_715_p2     |     -    |      0|  0|  19|          14|          14|
    |icmp_ln32_fu_257_p2     |   icmp   |      0|  0|  11|           6|           6|
    |icmp_ln33_fu_293_p2     |   icmp   |      0|  0|  11|           6|           6|
    |icmp_ln34_fu_363_p2     |   icmp   |      0|  0|   9|           3|           2|
    |icmp_ln35_fu_443_p2     |   icmp   |      0|  0|   9|           3|           2|
    |icmp_ln43_1_fu_682_p2   |   icmp   |      0|  0|  11|           6|           6|
    |icmp_ln43_2_fu_721_p2   |   icmp   |      0|  0|   8|           2|           2|
    |icmp_ln43_fu_640_p2     |   icmp   |      0|  0|  11|           6|           6|
    +------------------------+----------+-------+---+----+------------+------------+
    |Total                   |          |     12|  0| 721|         530|         457|
    +------------------------+----------+-------+---+----+------------+------------+

    * Multiplexer: 
    +-------------------+----+-----------+-----+-----------+
    |        Name       | LUT| Input Size| Bits| Total Bits|
    +-------------------+----+-----------+-----+-----------+
    |ap_NS_fsm          |  62|         15|    1|         15|
    |buffer_V_address0  |  15|          3|   13|         39|
    |buffer_V_address1  |  15|          3|   13|         39|
    |c_0_reg_221        |   9|          2|    6|         12|
    |chan_0_reg_232     |   9|          2|    2|          4|
    |i_0_reg_163        |   9|          2|    6|         12|
    |j_0_reg_175        |   9|          2|    6|         12|
    |ki_0_reg_187       |   9|          2|    3|          6|
    |kj_0_reg_199       |   9|          2|    3|          6|
    |output_V_address0  |  27|          5|   13|         65|
    |output_V_address1  |  15|          3|   13|         39|
    |output_V_ce0       |  15|          3|    1|          3|
    |output_V_d0        |  15|          3|   32|         96|
    |output_V_d1        |  15|          3|   32|         96|
    |output_V_we0       |  15|          3|    1|          3|
    |r_0_reg_210        |   9|          2|    6|         12|
    +-------------------+----+-----------+-----+-----------+
    |Total              | 257|         55|  151|        459|
    +-------------------+----+-----------+-----+-----------+

    * Register: 
    +-------------------------------------------+----+----+-----+-----------+
    |                    Name                   | FF | LUT| Bits| Const Bits|
    +-------------------------------------------+----+----+-----+-----------+
    |EDGE_SHARPENING_KERN_2_reg_836             |  26|   0|   26|          0|
    |add_ln1116_reg_782                         |   9|   0|   12|          3|
    |add_ln1117_reg_787                         |   6|   0|    6|          0|
    |add_ln1265_reg_750                         |   9|   0|   12|          3|
    |add_ln203_reg_880                          |   9|   0|   12|          3|
    |ap_CS_fsm                                  |  14|   0|   14|          0|
    |buffer_V_load_2_reg_852                    |  32|   0|   32|          0|
    |c_0_reg_221                                |   6|   0|    6|          0|
    |c_reg_888                                  |   6|   0|    6|          0|
    |chan_0_reg_232                             |   2|   0|    2|          0|
    |chan_reg_901                               |   2|   0|    2|          0|
    |grp_initialize_memory_fu_243_ap_start_reg  |   1|   0|    1|          0|
    |i_0_reg_163                                |   6|   0|    6|          0|
    |j_0_reg_175                                |   6|   0|    6|          0|
    |ki_0_reg_187                               |   3|   0|    3|          0|
    |kj_0_reg_199                               |   3|   0|    3|          0|
    |kj_reg_816                                 |   3|   0|    3|          0|
    |mul_ln1192_1_reg_857                       |  56|   0|   56|          0|
    |mul_ln1192_2_reg_867                       |  56|   0|   56|          0|
    |mul_ln1192_reg_847                         |  56|   0|   56|          0|
    |output_V_addr_1_reg_764                    |  13|   0|   13|          0|
    |output_V_addr_2_reg_769                    |  13|   0|   13|          0|
    |output_V_addr_reg_758                      |  13|   0|   13|          0|
    |p_Val2_4_reg_862                           |  32|   0|   32|          0|
    |r_0_reg_210                                |   6|   0|    6|          0|
    |r_reg_875                                  |   6|   0|    6|          0|
    |reg_249                                    |  32|   0|   32|          0|
    |reg_253                                    |  32|   0|   32|          0|
    |sext_ln1118_1_reg_841                      |  56|   0|   56|          0|
    |sub_ln1116_reg_800                         |  14|   0|   14|          0|
    |sub_ln203_reg_893                          |  14|   0|   14|          0|
    |zext_ln203_26_reg_906                      |  14|   0|   64|         50|
    +-------------------------------------------+----+----+-----+-----------+
    |Total                                      | 556|   0|  615|         59|
    +-------------------------------------------+----+----+-----+-----------+



================================================================
== Interface
================================================================
* Summary: 
+-------------------+-----+-----+------------+---------------------+--------------+
|     RTL Ports     | Dir | Bits|  Protocol  |    Source Object    |    C Type    |
+-------------------+-----+-----+------------+---------------------+--------------+
|ap_clk             |  in |    1| ap_ctrl_hs | convolve<40, 40, 5> | return value |
|ap_rst             |  in |    1| ap_ctrl_hs | convolve<40, 40, 5> | return value |
|ap_start           |  in |    1| ap_ctrl_hs | convolve<40, 40, 5> | return value |
|ap_done            | out |    1| ap_ctrl_hs | convolve<40, 40, 5> | return value |
|ap_idle            | out |    1| ap_ctrl_hs | convolve<40, 40, 5> | return value |
|ap_ready           | out |    1| ap_ctrl_hs | convolve<40, 40, 5> | return value |
|buffer_V_address0  | out |   13|  ap_memory |       buffer_V      |     array    |
|buffer_V_ce0       | out |    1|  ap_memory |       buffer_V      |     array    |
|buffer_V_q0        |  in |   32|  ap_memory |       buffer_V      |     array    |
|buffer_V_address1  | out |   13|  ap_memory |       buffer_V      |     array    |
|buffer_V_ce1       | out |    1|  ap_memory |       buffer_V      |     array    |
|buffer_V_we1       | out |    1|  ap_memory |       buffer_V      |     array    |
|buffer_V_d1        | out |   32|  ap_memory |       buffer_V      |     array    |
|buffer_V_q1        |  in |   32|  ap_memory |       buffer_V      |     array    |
+-------------------+-----+-----+------------+---------------------+--------------+

