

================================================================
== Vivado HLS Report for 'dut'
================================================================
* Date:           Mon Nov 25 01:45:45 2024

* Version:        2019.2 (Build 2704478 on Wed Nov 06 22:10:23 MST 2019)
* Project:        superres.prj
* Solution:       solution1
* Product family: zynq
* Target device:  xc7z020-clg484-1


================================================================
== Performance Estimates
================================================================
+ Timing: 
    * Summary: 
    +--------+----------+----------+------------+
    |  Clock |  Target  | Estimated| Uncertainty|
    +--------+----------+----------+------------+
    |ap_clk  | 10.00 ns | 8.510 ns |   1.25 ns  |
    +--------+----------+----------+------------+

+ Latency: 
    * Summary: 
    +---------+---------+----------+----------+--------+--------+---------+
    |  Latency (cycles) |  Latency (absolute) |     Interval    | Pipeline|
    |   min   |   max   |    min   |    max   |   min  |   max  |   Type  |
    +---------+---------+----------+----------+--------+--------+---------+
    |   676623|   676623| 6.766 ms | 6.766 ms |  676623|  676623|   none  |
    +---------+---------+----------+----------+--------+--------+---------+

    + Detail: 
        * Instance: 
        +-------------------------------+--------------------+---------+---------+----------+----------+--------+--------+---------+
        |                               |                    |  Latency (cycles) |  Latency (absolute) |     Interval    | Pipeline|
        |            Instance           |       Module       |   min   |   max   |    min   |    max   |   min  |   max  |   Type  |
        +-------------------------------+--------------------+---------+---------+----------+----------+--------+--------+---------+
        |grp_convolve_40_40_5_s_fu_193  |convolve_40_40_5_s  |   198588|   198588| 1.986 ms | 1.986 ms |  198588|  198588|   none  |
        |grp_relu_40_40_s_fu_200        |relu_40_40_s        |    17681|    17681| 0.177 ms | 0.177 ms |   17681|   17681|   none  |
        |grp_upsample_20_20_2_s_fu_205  |upsample_20_20_2_s  |    12881|    12881| 0.129 ms | 0.129 ms |   12881|   12881|   none  |
        +-------------------------------+--------------------+---------+---------+----------+----------+--------+--------+---------+

        * Loop: 
        +-----------------+---------+---------+----------+-----------+-----------+------+----------+
        |                 |  Latency (cycles) | Iteration|  Initiation Interval  | Trip |          |
        |    Loop Name    |   min   |   max   |  Latency |  achieved |   target  | Count| Pipelined|
        +-----------------+---------+---------+----------+-----------+-----------+------+----------+
        |- Loop 1         |     2040|     2040|       102|          -|          -|    20|    no    |
        | + Loop 1.1      |      100|      100|         5|          -|          -|    20|    no    |
        |  ++ Loop 1.1.1  |        3|        3|         1|          -|          -|     3|    no    |
        |- Loop 2         |    12880|    12880|       322|          -|          -|    40|    no    |
        | + Loop 2.1      |      320|      320|         8|          -|          -|    40|    no    |
        |  ++ Loop 2.1.1  |        6|        6|         2|          -|          -|     3|    no    |
        +-----------------+---------+---------+----------+-----------+-----------+------+----------+



================================================================
== Utilization Estimates
================================================================
* Summary: 
+-----------------+---------+-------+--------+-------+-----+
|       Name      | BRAM_18K| DSP48E|   FF   |  LUT  | URAM|
+-----------------+---------+-------+--------+-------+-----+
|DSP              |        -|      -|       -|      -|    -|
|Expression       |        -|      -|       0|    256|    -|
|FIFO             |        -|      -|       -|      -|    -|
|Instance         |       16|     12|     820|   1706|    0|
|Memory           |       20|      -|       0|      0|    0|
|Multiplexer      |        -|      -|       -|    309|    -|
|Register         |        -|      -|     117|      -|    -|
+-----------------+---------+-------+--------+-------+-----+
|Total            |       36|     12|     937|   2271|    0|
+-----------------+---------+-------+--------+-------+-----+
|Available        |      280|    220|  106400|  53200|    0|
+-----------------+---------+-------+--------+-------+-----+
|Utilization (%)  |       12|      5|   ~0   |      4|    0|
+-----------------+---------+-------+--------+-------+-----+

+ Detail: 
    * Instance: 
    +-------------------------------+--------------------+---------+-------+-----+------+-----+
    |            Instance           |       Module       | BRAM_18K| DSP48E|  FF |  LUT | URAM|
    +-------------------------------+--------------------+---------+-------+-----+------+-----+
    |grp_convolve_40_40_5_s_fu_193  |convolve_40_40_5_s  |       16|     12|  635|  1175|    0|
    |grp_relu_40_40_s_fu_200        |relu_40_40_s        |        0|      0|   95|   287|    0|
    |grp_upsample_20_20_2_s_fu_205  |upsample_20_20_2_s  |        0|      0|   90|   244|    0|
    +-------------------------------+--------------------+---------+-------+-----+------+-----+
    |Total                          |                    |       16|     12|  820|  1706|    0|
    +-------------------------------+--------------------+---------+-------+-----+------+-----+

    * DSP48E: 
    N/A

    * Memory: 
    +------------------------+----------------------+---------+---+----+-----+------+-----+------+-------------+
    |         Memory         |        Module        | BRAM_18K| FF| LUT| URAM| Words| Bits| Banks| W*Bits*Banks|
    +------------------------+----------------------+---------+---+----+-----+------+-----+------+-------------+
    |output_image_V_assig_U  |convolve_40_40_5_cud  |       16|  0|   0|    0|  4800|   32|     1|       153600|
    |input_image_V_U         |dut_input_image_V     |        4|  0|   0|    0|  1200|   32|     1|        38400|
    +------------------------+----------------------+---------+---+----+-----+------+-----+------+-------------+
    |Total                   |                      |       20|  0|   0|    0|  6000|   64|     2|       192000|
    +------------------------+----------------------+---------+---+----+-----+------+-----+------+-------------+

    * FIFO: 
    N/A

    * Expression: 
    +-----------------------+----------+-------+---+----+------------+------------+
    |     Variable Name     | Operation| DSP48E| FF| LUT| Bitwidth P0| Bitwidth P1|
    +-----------------------+----------+-------+---+----+------------+------------+
    |add_ln203_8_fu_269_p2  |     +    |      0|  0|  14|          10|          10|
    |add_ln203_9_fu_308_p2  |     +    |      0|  0|  12|          12|          12|
    |add_ln203_fu_247_p2    |     +    |      0|  0|  14|          10|          10|
    |add_ln612_1_fu_376_p2  |     +    |      0|  0|  12|          12|          12|
    |add_ln612_2_fu_415_p2  |     +    |      0|  0|  19|          14|          14|
    |add_ln612_fu_354_p2    |     +    |      0|  0|  12|          12|          12|
    |c_1_fu_366_p2          |     +    |      0|  0|  15|           6|           1|
    |c_fu_259_p2            |     +    |      0|  0|  15|           5|           1|
    |chan_1_fu_405_p2       |     +    |      0|  0|  10|           2|           1|
    |chan_fu_298_p2         |     +    |      0|  0|  10|           2|           1|
    |r_1_fu_324_p2          |     +    |      0|  0|  15|           6|           1|
    |r_fu_217_p2            |     +    |      0|  0|  15|           5|           1|
    |sub_ln203_fu_286_p2    |     -    |      0|  0|  12|          12|          12|
    |sub_ln612_fu_393_p2    |     -    |      0|  0|  19|          14|          14|
    |ap_block_state4        |    and   |      0|  0|   2|           1|           1|
    |icmp_ln24_1_fu_253_p2  |   icmp   |      0|  0|  11|           5|           5|
    |icmp_ln24_2_fu_292_p2  |   icmp   |      0|  0|   8|           2|           2|
    |icmp_ln24_fu_211_p2    |   icmp   |      0|  0|  11|           5|           5|
    |icmp_ln31_1_fu_360_p2  |   icmp   |      0|  0|  11|           6|           6|
    |icmp_ln31_2_fu_399_p2  |   icmp   |      0|  0|   8|           2|           2|
    |icmp_ln31_fu_318_p2    |   icmp   |      0|  0|  11|           6|           6|
    +-----------------------+----------+-------+---+----+------------+------------+
    |Total                  |          |      0|  0| 256|         149|         129|
    +-----------------------+----------+-------+---+----+------------+------------+

    * Multiplexer: 
    +-------------------------------+-----+-----------+-----+-----------+
    |              Name             | LUT | Input Size| Bits| Total Bits|
    +-------------------------------+-----+-----------+-----+-----------+
    |ap_NS_fsm                      |  105|         22|    1|         22|
    |c15_0_reg_171                  |    9|          2|    6|         12|
    |c_0_reg_138                    |    9|          2|    5|         10|
    |chan16_0_reg_182               |    9|          2|    2|          4|
    |chan_0_reg_149                 |    9|          2|    2|          4|
    |input_image_V_address0         |   15|          3|   11|         33|
    |input_image_V_ce0              |   15|          3|    1|          3|
    |output_image_V_assig_address0  |   27|          5|   13|         65|
    |output_image_V_assig_ce0       |   27|          5|    1|          5|
    |output_image_V_assig_ce1       |    9|          2|    1|          2|
    |output_image_V_assig_d0        |   15|          3|   32|         96|
    |output_image_V_assig_we0       |   15|          3|    1|          3|
    |output_image_V_assig_we1       |    9|          2|    1|          2|
    |r14_0_reg_160                  |    9|          2|    6|         12|
    |r_0_reg_127                    |    9|          2|    5|         10|
    |strm_in_V_V_blk_n              |    9|          2|    1|          2|
    |strm_out_V_V_blk_n             |    9|          2|    1|          2|
    +-------------------------------+-----+-----------+-----+-----------+
    |Total                          |  309|         64|   90|        287|
    +-------------------------------+-----+-----------+-----+-----------+

    * Register: 
    +--------------------------------------------+----+----+-----+-----------+
    |                    Name                    | FF | LUT| Bits| Const Bits|
    +--------------------------------------------+----+----+-----+-----------+
    |add_ln203_reg_433                           |   8|   0|   10|          2|
    |add_ln612_reg_467                           |   9|   0|   12|          3|
    |ap_CS_fsm                                   |  21|   0|   21|          0|
    |c15_0_reg_171                               |   6|   0|    6|          0|
    |c_0_reg_138                                 |   5|   0|    5|          0|
    |c_1_reg_475                                 |   6|   0|    6|          0|
    |c_reg_441                                   |   5|   0|    5|          0|
    |chan16_0_reg_182                            |   2|   0|    2|          0|
    |chan_0_reg_149                              |   2|   0|    2|          0|
    |chan_1_reg_488                              |   2|   0|    2|          0|
    |grp_convolve_40_40_5_s_fu_193_ap_start_reg  |   1|   0|    1|          0|
    |grp_relu_40_40_s_fu_200_ap_start_reg        |   1|   0|    1|          0|
    |grp_upsample_20_20_2_s_fu_205_ap_start_reg  |   1|   0|    1|          0|
    |r14_0_reg_160                               |   6|   0|    6|          0|
    |r_0_reg_127                                 |   5|   0|    5|          0|
    |r_1_reg_462                                 |   6|   0|    6|          0|
    |r_reg_428                                   |   5|   0|    5|          0|
    |sub_ln203_reg_446                           |  12|   0|   12|          0|
    |sub_ln612_reg_480                           |  14|   0|   14|          0|
    +--------------------------------------------+----+----+-----+-----------+
    |Total                                       | 117|   0|  122|          5|
    +--------------------------------------------+----+----+-----+-----------+



================================================================
== Interface
================================================================
* Summary: 
+---------------------+-----+-----+------------+--------------+--------------+
|      RTL Ports      | Dir | Bits|  Protocol  | Source Object|    C Type    |
+---------------------+-----+-----+------------+--------------+--------------+
|ap_clk               |  in |    1| ap_ctrl_hs |      dut     | return value |
|ap_rst               |  in |    1| ap_ctrl_hs |      dut     | return value |
|ap_start             |  in |    1| ap_ctrl_hs |      dut     | return value |
|ap_done              | out |    1| ap_ctrl_hs |      dut     | return value |
|ap_idle              | out |    1| ap_ctrl_hs |      dut     | return value |
|ap_ready             | out |    1| ap_ctrl_hs |      dut     | return value |
|strm_in_V_V_dout     |  in |   32|   ap_fifo  |  strm_in_V_V |    pointer   |
|strm_in_V_V_empty_n  |  in |    1|   ap_fifo  |  strm_in_V_V |    pointer   |
|strm_in_V_V_read     | out |    1|   ap_fifo  |  strm_in_V_V |    pointer   |
|strm_out_V_V_din     | out |   32|   ap_fifo  | strm_out_V_V |    pointer   |
|strm_out_V_V_full_n  |  in |    1|   ap_fifo  | strm_out_V_V |    pointer   |
|strm_out_V_V_write   | out |    1|   ap_fifo  | strm_out_V_V |    pointer   |
+---------------------+-----+-----+------------+--------------+--------------+

