

================================================================
== Vivado HLS Report for 'convolve_1'
================================================================
* Date:           Wed Dec 11 18:19:19 2024

* Version:        2019.2 (Build 2704478 on Wed Nov 06 22:10:23 MST 2019)
* Project:        superres.prj
* Solution:       solution1
* Product family: zynq
* Target device:  xc7z020-clg484-1


================================================================
== Performance Estimates
================================================================
+ Timing: 
    * Summary: 
    +--------+----------+----------+------------+
    |  Clock |  Target  | Estimated| Uncertainty|
    +--------+----------+----------+------------+
    |ap_clk  | 10.00 ns | 8.510 ns |   1.25 ns  |
    +--------+----------+----------+------------+

+ Latency: 
    * Summary: 
    +---------+---------+-----------+-----------+---------+---------+---------+
    |  Latency (cycles) |   Latency (absolute)  |      Interval     | Pipeline|
    |   min   |   max   |    min    |    max    |   min   |   max   |   Type  |
    +---------+---------+-----------+-----------+---------+---------+---------+
    |  4178998|  7729654| 41.790 ms | 77.297 ms |  4178998|  7729654|   none  |
    +---------+---------+-----------+-----------+---------+---------+---------+

    + Detail: 
        * Instance: 
        N/A

        * Loop: 
        +-----------------------+---------+---------+---------------+-----------+-----------+------+----------+
        |                       |  Latency (cycles) |   Iteration   |  Initiation Interval  | Trip |          |
        |       Loop Name       |   min   |   max   |    Latency    |  achieved |   target  | Count| Pipelined|
        +-----------------------+---------+---------+---------------+-----------+-----------+------+----------+
        |- INIT_LINEBUF         |      990|      990|            198|          -|          -|     5|    no    |
        | + INIT_LINEBUF.1      |      196|      196|              1|          -|          -|   196|    no    |
        |- INIT_WINDOW          |       85|       85|             17|          -|          -|     5|    no    |
        | + INIT_WINDOW.1       |       15|       15|              3|          -|          -|     5|    no    |
        |- CONV_ROW             |  4177920|  7728576| 21760 ~ 40253 |          -|          -|   192|    no    |
        | + CONV_COL            |    21696|    37632|   113 ~ 196   |          -|          -|   192|    no    |
        |  ++ DOT_PRODUCT       |      110|      110|             22|          -|          -|     5|    no    |
        |   +++ DOT_PRODUCT.1   |       20|       20|              4|          -|          -|     5|    no    |
        |  ++ CONV_COL.2        |       70|       70|             14|          -|          -|     5|    no    |
        |   +++ CONV_COL.2.1    |       12|       12|              3|          -|          -|     4|    no    |
        |  ++ CONV_COL.3        |       10|       10|              2|          -|          -|     5|    no    |
        | + UPDATE_LINEBUF      |     2360|     2360|            590|          -|          -|     4|    no    |
        |  ++ UPDATE_LINEBUF.1  |      588|      588|              3|          -|          -|   196|    no    |
        | + CONV_ROW.3          |      196|      196|              1|          -|          -|   196|    no    |
        | + RELOAD_WINDOW       |       60|       60|             12|          -|          -|     5|    no    |
        |  ++ RELOAD_WINDOW.1   |       10|       10|              2|          -|          -|     5|    no    |
        +-----------------------+---------+---------+---------------+-----------+-----------+------+----------+



================================================================
== Utilization Estimates
================================================================
* Summary: 
+-----------------+---------+-------+--------+-------+-----+
|       Name      | BRAM_18K| DSP48E|   FF   |  LUT  | URAM|
+-----------------+---------+-------+--------+-------+-----+
|DSP              |        -|      -|       -|      -|    -|
|Expression       |        -|      4|       0|    585|    -|
|FIFO             |        -|      -|       -|      -|    -|
|Instance         |        -|      -|       0|    135|    -|
|Memory           |        5|      -|      32|     13|    0|
|Multiplexer      |        -|      -|       -|   2735|    -|
|Register         |        -|      -|    7680|      -|    -|
+-----------------+---------+-------+--------+-------+-----+
|Total            |        5|      4|    7712|   3468|    0|
+-----------------+---------+-------+--------+-------+-----+
|Available        |      280|    220|  106400|  53200|    0|
+-----------------+---------+-------+--------+-------+-----+
|Utilization (%)  |        1|      1|       7|      6|    0|
+-----------------+---------+-------+--------+-------+-----+

+ Detail: 
    * Instance: 
    +------------------------+--------------------+---------+-------+---+----+-----+
    |        Instance        |       Module       | BRAM_18K| DSP48E| FF| LUT| URAM|
    +------------------------+--------------------+---------+-------+---+----+-----+
    |dut_mux_255_32_1_1_U84  |dut_mux_255_32_1_1  |        0|      0|  0|  27|    0|
    |dut_mux_255_32_1_1_U85  |dut_mux_255_32_1_1  |        0|      0|  0|  27|    0|
    |dut_mux_53_32_1_1_U83   |dut_mux_53_32_1_1   |        0|      0|  0|  27|    0|
    |dut_mux_53_32_1_1_U86   |dut_mux_53_32_1_1   |        0|      0|  0|  27|    0|
    |dut_mux_53_32_1_1_U87   |dut_mux_53_32_1_1   |        0|      0|  0|  27|    0|
    +------------------------+--------------------+---------+-------+---+----+-----+
    |Total                   |                    |        0|      0|  0| 135|    0|
    +------------------------+--------------------+---------+-------+---+----+-----+

    * DSP48E: 
    N/A

    * Memory: 
    +--------------------------+----------------------+---------+----+----+-----+------+-----+------+-------------+
    |          Memory          |        Module        | BRAM_18K| FF | LUT| URAM| Words| Bits| Banks| W*Bits*Banks|
    +--------------------------+----------------------+---------+----+----+-----+------+-----+------+-------------+
    |EDGE_SHARPENING_KERN_5_U  |convolve56_EDGE_Scud  |        0|  32|  13|    0|    25|   32|     1|          800|
    |linebuf_0_V_U             |convolve57_linebujbC  |        1|   0|   0|    0|   196|   32|     1|         6272|
    |linebuf_1_V_U             |convolve57_linebujbC  |        1|   0|   0|    0|   196|   32|     1|         6272|
    |linebuf_2_V_U             |convolve57_linebujbC  |        1|   0|   0|    0|   196|   32|     1|         6272|
    |linebuf_3_V_U             |convolve57_linebujbC  |        1|   0|   0|    0|   196|   32|     1|         6272|
    |linebuf_4_V_U             |convolve57_linebujbC  |        1|   0|   0|    0|   196|   32|     1|         6272|
    +--------------------------+----------------------+---------+----+----+-----+------+-----+------+-------------+
    |Total                     |                      |        5|  32|  13|    0|  1005|  192|     6|        32160|
    +--------------------------+----------------------+---------+----+----+-----+------+-----+------+-------------+

    * FIFO: 
    N/A

    * Expression: 
    +---------------------------------+----------+-------+---+----+------------+------------+
    |          Variable Name          | Operation| DSP48E| FF| LUT| Bitwidth P0| Bitwidth P1|
    +---------------------------------+----------+-------+---+----+------------+------------+
    |mul_ln1192_fu_6563_p2            |     *    |      4|  0|  20|          32|          32|
    |add_ln1116_6_fu_6488_p2          |     +    |      0|  0|  13|           4|           4|
    |add_ln1116_fu_6497_p2            |     +    |      0|  0|  15|           5|           5|
    |add_ln1117_8_fu_6474_p2          |     +    |      0|  0|  15|           6|           6|
    |add_ln1117_fu_6442_p2            |     +    |      0|  0|  15|           6|           6|
    |add_ln203_6_fu_6647_p2           |     +    |      0|  0|  13|           4|           4|
    |add_ln79_fu_6616_p2              |     +    |      0|  0|  15|           8|           3|
    |i_8_fu_6390_p2                   |     +    |      0|  0|  15|           8|           1|
    |i_fu_6108_p2                     |     +    |      0|  0|  12|           3|           1|
    |j_15_fu_6778_p2                  |     +    |      0|  0|  15|           8|           1|
    |j_16_fu_6402_p2                  |     +    |      0|  0|  15|           8|           1|
    |j_fu_6120_p2                     |     +    |      0|  0|  15|           8|           1|
    |k1_36_fu_6598_p2                 |     +    |      0|  0|  12|           3|           1|
    |k1_37_fu_6420_p2                 |     +    |      0|  0|  12|           3|           1|
    |k1_38_fu_6746_p2                 |     +    |      0|  0|  12|           3|           1|
    |k1_39_fu_6723_p2                 |     +    |      0|  0|  12|           3|           1|
    |k1_40_fu_6795_p2                 |     +    |      0|  0|  12|           3|           1|
    |k1_fu_6216_p2                    |     +    |      0|  0|  12|           3|           1|
    |k2_29_fu_6464_p2                 |     +    |      0|  0|  12|           3|           1|
    |k2_30_fu_6637_p2                 |     +    |      0|  0|  12|           3|           1|
    |k2_31_fu_6807_p2                 |     +    |      0|  0|  12|           3|           1|
    |k2_32_fu_6758_p2                 |     +    |      0|  0|  15|           8|           1|
    |k2_fu_6228_p2                    |     +    |      0|  0|  12|           3|           1|
    |ret_V_fu_6577_p2                 |     +    |      0|  0|  69|          62|          62|
    |window_4_0_V_22_fu_6661_p26      |     +    |      0|  0|  15|           5|           5|
    |ap_block_state10                 |    and   |      0|  0|   2|           1|           1|
    |ap_block_state27                 |    and   |      0|  0|   2|           1|           1|
    |ap_block_state3                  |    and   |      0|  0|   2|           1|           1|
    |ap_condition_388                 |    and   |      0|  0|   2|           1|           1|
    |ap_predicate_op549_read_state27  |    and   |      0|  0|   2|           1|           1|
    |icmp_ln100_fu_6789_p2            |   icmp   |      0|  0|   9|           3|           3|
    |icmp_ln101_fu_6801_p2            |   icmp   |      0|  0|   9|           3|           3|
    |icmp_ln42_fu_6102_p2             |   icmp   |      0|  0|   9|           3|           3|
    |icmp_ln43_fu_6114_p2             |   icmp   |      0|  0|  11|           8|           7|
    |icmp_ln50_fu_6210_p2             |   icmp   |      0|  0|   9|           3|           3|
    |icmp_ln51_fu_6222_p2             |   icmp   |      0|  0|   9|           3|           3|
    |icmp_ln57_fu_6384_p2             |   icmp   |      0|  0|  11|           8|           8|
    |icmp_ln59_fu_6396_p2             |   icmp   |      0|  0|  11|           8|           8|
    |icmp_ln62_fu_6414_p2             |   icmp   |      0|  0|   9|           3|           3|
    |icmp_ln63_fu_6458_p2             |   icmp   |      0|  0|   9|           3|           3|
    |icmp_ln70_fu_6452_p2             |   icmp   |      0|  0|  11|           8|           8|
    |icmp_ln72_fu_6592_p2             |   icmp   |      0|  0|   9|           3|           3|
    |icmp_ln73_fu_6631_p2             |   icmp   |      0|  0|   9|           3|           4|
    |icmp_ln78_fu_6717_p2             |   icmp   |      0|  0|   9|           3|           3|
    |icmp_ln85_fu_6408_p2             |   icmp   |      0|  0|  11|           8|           8|
    |icmp_ln88_fu_6740_p2             |   icmp   |      0|  0|   9|           3|           4|
    |icmp_ln89_fu_6752_p2             |   icmp   |      0|  0|  11|           8|           7|
    |icmp_ln93_fu_6772_p2             |   icmp   |      0|  0|  11|           8|           7|
    |ap_block_state1                  |    or    |      0|  0|   2|           1|           1|
    +---------------------------------+----------+-------+---+----+------------+------------+
    |Total                            |          |      4|  0| 585|         300|         237|
    +---------------------------------+----------+-------+---+----+------------+------------+

    * Multiplexer: 
    +-----------------------------------------------+-----+-----------+-----+-----------+
    |                      Name                     | LUT | Input Size| Bits| Total Bits|
    +-----------------------------------------------+-----+-----------+-----+-----------+
    |ap_NS_fsm                                      |  141|         31|    1|         31|
    |ap_done                                        |    9|          2|    1|          2|
    |ap_phi_mux_window_0_0_V_10_be_phi_fu_6025_p50  |   15|          3|   32|         96|
    |ap_phi_mux_window_0_1_V_10_be_phi_fu_5944_p50  |   15|          3|   32|         96|
    |ap_phi_mux_window_0_2_V_10_be_phi_fu_5863_p50  |   15|          3|   32|         96|
    |ap_phi_mux_window_0_3_V_10_be_phi_fu_5782_p50  |   15|          3|   32|         96|
    |ap_phi_mux_window_0_4_V_9_be_phi_fu_5701_p50   |   15|          3|   32|         96|
    |ap_phi_mux_window_1_0_V_10_be_phi_fu_5620_p50  |   15|          3|   32|         96|
    |ap_phi_mux_window_1_1_V_10_be_phi_fu_5539_p50  |   15|          3|   32|         96|
    |ap_phi_mux_window_1_2_V_10_be_phi_fu_5458_p50  |   15|          3|   32|         96|
    |ap_phi_mux_window_1_3_V_10_be_phi_fu_5377_p50  |   15|          3|   32|         96|
    |ap_phi_mux_window_1_4_V_9_be_phi_fu_5296_p50   |   15|          3|   32|         96|
    |ap_phi_mux_window_2_0_V_10_be_phi_fu_5215_p50  |   15|          3|   32|         96|
    |ap_phi_mux_window_2_1_V_10_be_phi_fu_5134_p50  |   15|          3|   32|         96|
    |ap_phi_mux_window_2_2_V_10_be_phi_fu_5053_p50  |   15|          3|   32|         96|
    |ap_phi_mux_window_2_3_V_10_be_phi_fu_4972_p50  |   15|          3|   32|         96|
    |ap_phi_mux_window_2_4_V_9_be_phi_fu_4891_p50   |   15|          3|   32|         96|
    |ap_phi_mux_window_3_0_V_10_be_phi_fu_4810_p50  |   15|          3|   32|         96|
    |ap_phi_mux_window_3_1_V_10_be_phi_fu_4729_p50  |   15|          3|   32|         96|
    |ap_phi_mux_window_3_2_V_10_be_phi_fu_4648_p50  |   15|          3|   32|         96|
    |ap_phi_mux_window_3_3_V_10_be_phi_fu_4567_p50  |   15|          3|   32|         96|
    |ap_phi_mux_window_3_4_V_9_be_phi_fu_4486_p50   |   15|          3|   32|         96|
    |ap_phi_mux_window_4_0_V_10_be_phi_fu_4405_p50  |   15|          3|   32|         96|
    |ap_phi_mux_window_4_1_V_10_be_phi_fu_4324_p50  |   15|          3|   32|         96|
    |ap_phi_mux_window_4_2_V_10_be_phi_fu_4243_p50  |   15|          3|   32|         96|
    |ap_phi_mux_window_4_3_V_10_be_phi_fu_4162_p50  |   15|          3|   32|         96|
    |ap_phi_mux_window_4_4_V_9_be_phi_fu_4081_p50   |   15|          3|   32|         96|
    |i8_0_reg_756                                   |    9|          2|    8|         16|
    |i_0_reg_459                                    |    9|          2|    3|          6|
    |j17_0_reg_3442                                 |    9|          2|    8|         16|
    |j9_0_reg_1043                                  |    9|          2|    8|         16|
    |j_0_reg_471                                    |    9|          2|    8|         16|
    |k110_0_reg_1068                                |    9|          2|    3|          6|
    |k112_0_reg_1322                                |    9|          2|    3|          6|
    |k114_0_reg_2961                                |    9|          2|    3|          6|
    |k115_0_reg_3402                                |    9|          2|    3|          6|
    |k118_0_reg_3753                                |    9|          2|    3|          6|
    |k1_0_reg_482                                   |    9|          2|    3|          6|
    |k211_0_reg_1091                                |    9|          2|    3|          6|
    |k213_0_reg_1574                                |    9|          2|    3|          6|
    |k216_0_reg_3414                                |    9|          2|    8|         16|
    |k219_0_reg_4065                                |    9|          2|    3|          6|
    |k2_0_reg_494                                   |    9|          2|    3|          6|
    |linebuf_0_V_address0                           |   33|          6|    8|         48|
    |linebuf_0_V_d0                                 |   15|          3|   32|         96|
    |linebuf_1_V_address0                           |   38|          7|    8|         56|
    |linebuf_1_V_d0                                 |   15|          3|   32|         96|
    |linebuf_2_V_address0                           |   38|          7|    8|         56|
    |linebuf_2_V_d0                                 |   15|          3|   32|         96|
    |linebuf_3_V_address0                           |   38|          7|    8|         56|
    |linebuf_3_V_d0                                 |   15|          3|   32|         96|
    |linebuf_4_V_address0                           |   38|          7|    8|         56|
    |p_Val2_s_reg_1079                              |    9|          2|   32|         64|
    |phi_ln203_reg_3425                             |   21|          4|   32|        128|
    |real_start                                     |    9|          2|    1|          2|
    |strm_in_V_V_blk_n                              |    9|          2|    1|          2|
    |strm_out_V_V_blk_n                             |    9|          2|    1|          2|
    |tmp_V_22_reg_1055                              |    9|          2|   32|         64|
    |window_0_0_V_10_reg_4053                       |    9|          2|   32|         64|
    |window_0_0_V_3_reg_746                         |    9|          2|   32|         64|
    |window_0_0_V_4_reg_1032                        |    9|          2|   32|         64|
    |window_0_0_V_5_reg_1311                        |    9|          2|   32|         64|
    |window_0_0_V_6_be_reg_2840                     |    9|          2|   32|         64|
    |window_0_0_V_6_reg_1562                        |    9|          2|   32|         64|
    |window_0_0_V_8_reg_3389                        |    9|          2|   32|         64|
    |window_0_0_V_9_reg_3741                        |    9|          2|   32|         64|
    |window_0_1_V_10_reg_4041                       |    9|          2|   32|         64|
    |window_0_1_V_3_reg_736                         |    9|          2|   32|         64|
    |window_0_1_V_4_reg_1021                        |    9|          2|   32|         64|
    |window_0_1_V_5_reg_1300                        |    9|          2|   32|         64|
    |window_0_1_V_6_be_reg_2774                     |    9|          2|   32|         64|
    |window_0_1_V_6_reg_1550                        |    9|          2|   32|         64|
    |window_0_1_V_8_reg_3376                        |    9|          2|   32|         64|
    |window_0_1_V_9_reg_3729                        |    9|          2|   32|         64|
    |window_0_2_V_10_reg_4029                       |    9|          2|   32|         64|
    |window_0_2_V_3_reg_726                         |    9|          2|   32|         64|
    |window_0_2_V_4_reg_1010                        |    9|          2|   32|         64|
    |window_0_2_V_5_reg_1289                        |    9|          2|   32|         64|
    |window_0_2_V_6_be_reg_2708                     |    9|          2|   32|         64|
    |window_0_2_V_6_reg_1538                        |    9|          2|   32|         64|
    |window_0_2_V_8_reg_3363                        |    9|          2|   32|         64|
    |window_0_2_V_9_reg_3717                        |    9|          2|   32|         64|
    |window_0_3_V_10_reg_4017                       |    9|          2|   32|         64|
    |window_0_3_V_3_reg_716                         |    9|          2|   32|         64|
    |window_0_3_V_4_reg_999                         |    9|          2|   32|         64|
    |window_0_3_V_5_reg_1278                        |    9|          2|   32|         64|
    |window_0_3_V_6_be_reg_2642                     |    9|          2|   32|         64|
    |window_0_3_V_6_reg_1526                        |    9|          2|   32|         64|
    |window_0_3_V_8_reg_3350                        |    9|          2|   32|         64|
    |window_0_3_V_9_reg_3705                        |    9|          2|   32|         64|
    |window_0_4_V_3_reg_706                         |    9|          2|   32|         64|
    |window_0_4_V_4_reg_988                         |    9|          2|   32|         64|
    |window_0_4_V_5_be_reg_3056                     |    9|          2|   32|         64|
    |window_0_4_V_5_reg_2950                        |    9|          2|   32|         64|
    |window_0_4_V_7_reg_3337                        |    9|          2|   32|         64|
    |window_0_4_V_8_reg_3693                        |    9|          2|   32|         64|
    |window_0_4_V_9_reg_4005                        |    9|          2|   32|         64|
    |window_1_0_V_10_reg_3993                       |    9|          2|   32|         64|
    |window_1_0_V_3_reg_696                         |    9|          2|   32|         64|
    |window_1_0_V_4_reg_977                         |    9|          2|   32|         64|
    |window_1_0_V_5_reg_1267                        |    9|          2|   32|         64|
    |window_1_0_V_6_be_reg_2576                     |    9|          2|   32|         64|
    |window_1_0_V_6_reg_1514                        |    9|          2|   32|         64|
    |window_1_0_V_8_reg_3324                        |    9|          2|   32|         64|
    |window_1_0_V_9_reg_3681                        |    9|          2|   32|         64|
    |window_1_1_V_10_reg_3981                       |    9|          2|   32|         64|
    |window_1_1_V_3_reg_686                         |    9|          2|   32|         64|
    |window_1_1_V_4_reg_966                         |    9|          2|   32|         64|
    |window_1_1_V_5_reg_1256                        |    9|          2|   32|         64|
    |window_1_1_V_6_be_reg_2510                     |    9|          2|   32|         64|
    |window_1_1_V_6_reg_1502                        |    9|          2|   32|         64|
    |window_1_1_V_8_reg_3311                        |    9|          2|   32|         64|
    |window_1_1_V_9_reg_3669                        |    9|          2|   32|         64|
    |window_1_2_V_10_reg_3969                       |    9|          2|   32|         64|
    |window_1_2_V_3_reg_676                         |    9|          2|   32|         64|
    |window_1_2_V_4_reg_955                         |    9|          2|   32|         64|
    |window_1_2_V_5_reg_1245                        |    9|          2|   32|         64|
    |window_1_2_V_6_be_reg_2444                     |    9|          2|   32|         64|
    |window_1_2_V_6_reg_1490                        |    9|          2|   32|         64|
    |window_1_2_V_8_reg_3298                        |    9|          2|   32|         64|
    |window_1_2_V_9_reg_3657                        |    9|          2|   32|         64|
    |window_1_3_V_10_reg_3957                       |    9|          2|   32|         64|
    |window_1_3_V_3_reg_666                         |    9|          2|   32|         64|
    |window_1_3_V_4_reg_944                         |    9|          2|   32|         64|
    |window_1_3_V_5_reg_1234                        |    9|          2|   32|         64|
    |window_1_3_V_6_be_reg_2378                     |    9|          2|   32|         64|
    |window_1_3_V_6_reg_1478                        |    9|          2|   32|         64|
    |window_1_3_V_8_reg_3285                        |    9|          2|   32|         64|
    |window_1_3_V_9_reg_3645                        |    9|          2|   32|         64|
    |window_1_4_V_3_reg_656                         |    9|          2|   32|         64|
    |window_1_4_V_4_reg_933                         |    9|          2|   32|         64|
    |window_1_4_V_5_be_reg_3035                     |    9|          2|   32|         64|
    |window_1_4_V_5_reg_2939                        |    9|          2|   32|         64|
    |window_1_4_V_7_reg_3272                        |    9|          2|   32|         64|
    |window_1_4_V_8_reg_3633                        |    9|          2|   32|         64|
    |window_1_4_V_9_reg_3945                        |    9|          2|   32|         64|
    |window_2_0_V_10_reg_3933                       |    9|          2|   32|         64|
    |window_2_0_V_3_reg_646                         |    9|          2|   32|         64|
    |window_2_0_V_4_reg_922                         |    9|          2|   32|         64|
    |window_2_0_V_5_reg_1223                        |    9|          2|   32|         64|
    |window_2_0_V_6_be_reg_2312                     |    9|          2|   32|         64|
    |window_2_0_V_6_reg_1466                        |    9|          2|   32|         64|
    |window_2_0_V_8_reg_3259                        |    9|          2|   32|         64|
    |window_2_0_V_9_reg_3621                        |    9|          2|   32|         64|
    |window_2_1_V_10_reg_3921                       |    9|          2|   32|         64|
    |window_2_1_V_3_reg_636                         |    9|          2|   32|         64|
    |window_2_1_V_4_reg_911                         |    9|          2|   32|         64|
    |window_2_1_V_5_reg_1212                        |    9|          2|   32|         64|
    |window_2_1_V_6_be_reg_2246                     |    9|          2|   32|         64|
    |window_2_1_V_6_reg_1454                        |    9|          2|   32|         64|
    |window_2_1_V_8_reg_3246                        |    9|          2|   32|         64|
    |window_2_1_V_9_reg_3609                        |    9|          2|   32|         64|
    |window_2_2_V_10_reg_3909                       |    9|          2|   32|         64|
    |window_2_2_V_3_reg_626                         |    9|          2|   32|         64|
    |window_2_2_V_4_reg_900                         |    9|          2|   32|         64|
    |window_2_2_V_5_reg_1201                        |    9|          2|   32|         64|
    |window_2_2_V_6_be_reg_2180                     |    9|          2|   32|         64|
    |window_2_2_V_6_reg_1442                        |    9|          2|   32|         64|
    |window_2_2_V_8_reg_3233                        |    9|          2|   32|         64|
    |window_2_2_V_9_reg_3597                        |    9|          2|   32|         64|
    |window_2_3_V_10_reg_3897                       |    9|          2|   32|         64|
    |window_2_3_V_3_reg_616                         |    9|          2|   32|         64|
    |window_2_3_V_4_reg_889                         |    9|          2|   32|         64|
    |window_2_3_V_5_reg_1190                        |    9|          2|   32|         64|
    |window_2_3_V_6_be_reg_2114                     |    9|          2|   32|         64|
    |window_2_3_V_6_reg_1430                        |    9|          2|   32|         64|
    |window_2_3_V_8_reg_3220                        |    9|          2|   32|         64|
    |window_2_3_V_9_reg_3585                        |    9|          2|   32|         64|
    |window_2_4_V_3_reg_606                         |    9|          2|   32|         64|
    |window_2_4_V_4_reg_878                         |    9|          2|   32|         64|
    |window_2_4_V_5_be_reg_3014                     |    9|          2|   32|         64|
    |window_2_4_V_5_reg_2928                        |    9|          2|   32|         64|
    |window_2_4_V_7_reg_3207                        |    9|          2|   32|         64|
    |window_2_4_V_8_reg_3573                        |    9|          2|   32|         64|
    |window_2_4_V_9_reg_3885                        |    9|          2|   32|         64|
    |window_3_0_V_10_reg_3873                       |    9|          2|   32|         64|
    |window_3_0_V_3_reg_596                         |    9|          2|   32|         64|
    |window_3_0_V_4_reg_867                         |    9|          2|   32|         64|
    |window_3_0_V_5_reg_1179                        |    9|          2|   32|         64|
    |window_3_0_V_6_be_reg_2048                     |    9|          2|   32|         64|
    |window_3_0_V_6_reg_1418                        |    9|          2|   32|         64|
    |window_3_0_V_8_reg_3194                        |    9|          2|   32|         64|
    |window_3_0_V_9_reg_3561                        |    9|          2|   32|         64|
    |window_3_1_V_10_reg_3861                       |    9|          2|   32|         64|
    |window_3_1_V_3_reg_586                         |    9|          2|   32|         64|
    |window_3_1_V_4_reg_856                         |    9|          2|   32|         64|
    |window_3_1_V_5_reg_1168                        |    9|          2|   32|         64|
    |window_3_1_V_6_be_reg_1982                     |    9|          2|   32|         64|
    |window_3_1_V_6_reg_1406                        |    9|          2|   32|         64|
    |window_3_1_V_8_reg_3181                        |    9|          2|   32|         64|
    |window_3_1_V_9_reg_3549                        |    9|          2|   32|         64|
    |window_3_2_V_10_reg_3849                       |    9|          2|   32|         64|
    |window_3_2_V_3_reg_576                         |    9|          2|   32|         64|
    |window_3_2_V_4_reg_845                         |    9|          2|   32|         64|
    |window_3_2_V_5_reg_1157                        |    9|          2|   32|         64|
    |window_3_2_V_6_be_reg_1916                     |    9|          2|   32|         64|
    |window_3_2_V_6_reg_1394                        |    9|          2|   32|         64|
    |window_3_2_V_8_reg_3168                        |    9|          2|   32|         64|
    |window_3_2_V_9_reg_3537                        |    9|          2|   32|         64|
    |window_3_3_V_10_reg_3837                       |    9|          2|   32|         64|
    |window_3_3_V_3_reg_566                         |    9|          2|   32|         64|
    |window_3_3_V_4_reg_834                         |    9|          2|   32|         64|
    |window_3_3_V_5_reg_1146                        |    9|          2|   32|         64|
    |window_3_3_V_6_be_reg_1850                     |    9|          2|   32|         64|
    |window_3_3_V_6_reg_1382                        |    9|          2|   32|         64|
    |window_3_3_V_8_reg_3155                        |    9|          2|   32|         64|
    |window_3_3_V_9_reg_3525                        |    9|          2|   32|         64|
    |window_3_4_V_3_reg_556                         |    9|          2|   32|         64|
    |window_3_4_V_4_reg_823                         |    9|          2|   32|         64|
    |window_3_4_V_5_be_reg_2993                     |    9|          2|   32|         64|
    |window_3_4_V_5_reg_2917                        |    9|          2|   32|         64|
    |window_3_4_V_7_reg_3142                        |    9|          2|   32|         64|
    |window_3_4_V_8_reg_3513                        |    9|          2|   32|         64|
    |window_3_4_V_9_reg_3825                        |    9|          2|   32|         64|
    |window_4_0_V_10_reg_3813                       |    9|          2|   32|         64|
    |window_4_0_V_3_reg_546                         |    9|          2|   32|         64|
    |window_4_0_V_4_reg_812                         |    9|          2|   32|         64|
    |window_4_0_V_5_reg_1135                        |    9|          2|   32|         64|
    |window_4_0_V_6_be_reg_1784                     |    9|          2|   32|         64|
    |window_4_0_V_6_reg_1370                        |    9|          2|   32|         64|
    |window_4_0_V_8_reg_3129                        |    9|          2|   32|         64|
    |window_4_0_V_9_reg_3501                        |    9|          2|   32|         64|
    |window_4_1_V_10_reg_3801                       |    9|          2|   32|         64|
    |window_4_1_V_3_reg_536                         |    9|          2|   32|         64|
    |window_4_1_V_4_reg_801                         |    9|          2|   32|         64|
    |window_4_1_V_5_reg_1124                        |    9|          2|   32|         64|
    |window_4_1_V_6_be_reg_1718                     |    9|          2|   32|         64|
    |window_4_1_V_6_reg_1358                        |    9|          2|   32|         64|
    |window_4_1_V_8_reg_3116                        |    9|          2|   32|         64|
    |window_4_1_V_9_reg_3489                        |    9|          2|   32|         64|
    |window_4_2_V_10_reg_3789                       |    9|          2|   32|         64|
    |window_4_2_V_3_reg_526                         |    9|          2|   32|         64|
    |window_4_2_V_4_reg_790                         |    9|          2|   32|         64|
    |window_4_2_V_5_reg_1113                        |    9|          2|   32|         64|
    |window_4_2_V_6_be_reg_1652                     |    9|          2|   32|         64|
    |window_4_2_V_6_reg_1346                        |    9|          2|   32|         64|
    |window_4_2_V_8_reg_3103                        |    9|          2|   32|         64|
    |window_4_2_V_9_reg_3477                        |    9|          2|   32|         64|
    |window_4_3_V_10_reg_3777                       |    9|          2|   32|         64|
    |window_4_3_V_3_reg_516                         |    9|          2|   32|         64|
    |window_4_3_V_4_reg_779                         |    9|          2|   32|         64|
    |window_4_3_V_5_reg_1102                        |    9|          2|   32|         64|
    |window_4_3_V_6_be_reg_1586                     |    9|          2|   32|         64|
    |window_4_3_V_6_reg_1334                        |    9|          2|   32|         64|
    |window_4_3_V_8_reg_3090                        |    9|          2|   32|         64|
    |window_4_3_V_9_reg_3465                        |    9|          2|   32|         64|
    |window_4_4_V_3_reg_506                         |    9|          2|   32|         64|
    |window_4_4_V_4_reg_768                         |    9|          2|   32|         64|
    |window_4_4_V_5_be_reg_2972                     |    9|          2|   32|         64|
    |window_4_4_V_5_reg_2906                        |    9|          2|   32|         64|
    |window_4_4_V_7_reg_3077                        |    9|          2|   32|         64|
    |window_4_4_V_8_reg_3453                        |    9|          2|   32|         64|
    |window_4_4_V_9_reg_3765                        |    9|          2|   32|         64|
    +-----------------------------------------------+-----+-----------+-----+-----------+
    |Total                                          | 2735|        590| 7382|      15977|
    +-----------------------------------------------+-----+-----------+-----+-----------+

    * Register: 
    +----------------------------------+----+----+-----+-----------+
    |               Name               | FF | LUT| Bits| Const Bits|
    +----------------------------------+----+----+-----+-----------+
    |EDGE_SHARPENING_KERN_24_reg_7264  |  32|   0|   32|          0|
    |add_ln1116_reg_7254               |   5|   0|    5|          0|
    |add_ln1117_reg_7228               |   6|   0|    6|          0|
    |ap_CS_fsm                         |  30|   0|   30|          0|
    |ap_done_reg                       |   1|   0|    1|          0|
    |i8_0_reg_756                      |   8|   0|    8|          0|
    |i_0_reg_459                       |   3|   0|    3|          0|
    |i_8_reg_7198                      |   8|   0|    8|          0|
    |i_reg_6866                        |   3|   0|    3|          0|
    |icmp_ln85_reg_7211                |   1|   0|    1|          0|
    |j17_0_reg_3442                    |   8|   0|    8|          0|
    |j9_0_reg_1043                     |   8|   0|    8|          0|
    |j_0_reg_471                       |   8|   0|    8|          0|
    |j_16_reg_7206                     |   8|   0|    8|          0|
    |k110_0_reg_1068                   |   3|   0|    3|          0|
    |k112_0_reg_1322                   |   3|   0|    3|          0|
    |k114_0_reg_2961                   |   3|   0|    3|          0|
    |k115_0_reg_3402                   |   3|   0|    3|          0|
    |k118_0_reg_3753                   |   3|   0|    3|          0|
    |k1_0_reg_482                      |   3|   0|    3|          0|
    |k1_36_reg_7282                    |   3|   0|    3|          0|
    |k1_37_reg_7218                    |   3|   0|    3|          0|
    |k1_38_reg_7399                    |   3|   0|    3|          0|
    |k1_39_reg_7382                    |   3|   0|    3|          0|
    |k1_40_reg_7473                    |   3|   0|    3|          0|
    |k1_reg_7157                       |   3|   0|    3|          0|
    |k211_0_reg_1091                   |   3|   0|    3|          0|
    |k213_0_reg_1574                   |   3|   0|    3|          0|
    |k216_0_reg_3414                   |   8|   0|    8|          0|
    |k219_0_reg_4065                   |   3|   0|    3|          0|
    |k2_0_reg_494                      |   3|   0|    3|          0|
    |k2_29_reg_7244                    |   3|   0|    3|          0|
    |k2_30_reg_7325                    |   3|   0|    3|          0|
    |k2_31_reg_7481                    |   3|   0|    3|          0|
    |k2_32_reg_7407                    |   8|   0|    8|          0|
    |k2_reg_7165                       |   3|   0|    3|          0|
    |linebuf_0_V_addr_6_reg_7457       |   8|   0|    8|          0|
    |linebuf_0_V_load_11_reg_7354      |  32|   0|   32|          0|
    |linebuf_1_V_addr_6_reg_7417       |   8|   0|    8|          0|
    |linebuf_1_V_load_17_reg_7359      |  32|   0|   32|          0|
    |linebuf_2_V_addr_6_reg_7422       |   8|   0|    8|          0|
    |linebuf_2_V_load_17_reg_7364      |  32|   0|   32|          0|
    |linebuf_3_V_addr_6_reg_7427       |   8|   0|    8|          0|
    |linebuf_3_V_load_17_reg_7369      |  32|   0|   32|          0|
    |linebuf_4_V_load_17_reg_7374      |  32|   0|   32|          0|
    |mul_ln1192_reg_7269               |  62|   0|   62|          0|
    |p_Val2_s_reg_1079                 |  32|   0|   32|          0|
    |phi_ln203_reg_3425                |  32|   0|   32|          0|
    |shl_ln8_reg_7292                  |   3|   0|    5|          2|
    |start_once_reg                    |   1|   0|    1|          0|
    |tmp_21_reg_7223                   |   3|   0|    5|          2|
    |tmp_25_reg_7259                   |  32|   0|   32|          0|
    |tmp_V_22_reg_1055                 |  32|   0|   32|          0|
    |window_0_0_V_10_reg_4053          |  32|   0|   32|          0|
    |window_0_0_V_3_reg_746            |  32|   0|   32|          0|
    |window_0_0_V_4_reg_1032           |  32|   0|   32|          0|
    |window_0_0_V_5_reg_1311           |  32|   0|   32|          0|
    |window_0_0_V_6_be_reg_2840        |  32|   0|   32|          0|
    |window_0_0_V_6_reg_1562           |  32|   0|   32|          0|
    |window_0_0_V_8_reg_3389           |  32|   0|   32|          0|
    |window_0_0_V_9_reg_3741           |  32|   0|   32|          0|
    |window_0_1_V_10_reg_4041          |  32|   0|   32|          0|
    |window_0_1_V_3_reg_736            |  32|   0|   32|          0|
    |window_0_1_V_4_reg_1021           |  32|   0|   32|          0|
    |window_0_1_V_5_reg_1300           |  32|   0|   32|          0|
    |window_0_1_V_6_be_reg_2774        |  32|   0|   32|          0|
    |window_0_1_V_6_reg_1550           |  32|   0|   32|          0|
    |window_0_1_V_8_reg_3376           |  32|   0|   32|          0|
    |window_0_1_V_9_reg_3729           |  32|   0|   32|          0|
    |window_0_2_V_10_reg_4029          |  32|   0|   32|          0|
    |window_0_2_V_3_reg_726            |  32|   0|   32|          0|
    |window_0_2_V_4_reg_1010           |  32|   0|   32|          0|
    |window_0_2_V_5_reg_1289           |  32|   0|   32|          0|
    |window_0_2_V_6_be_reg_2708        |  32|   0|   32|          0|
    |window_0_2_V_6_reg_1538           |  32|   0|   32|          0|
    |window_0_2_V_8_reg_3363           |  32|   0|   32|          0|
    |window_0_2_V_9_reg_3717           |  32|   0|   32|          0|
    |window_0_3_V_10_reg_4017          |  32|   0|   32|          0|
    |window_0_3_V_3_reg_716            |  32|   0|   32|          0|
    |window_0_3_V_4_reg_999            |  32|   0|   32|          0|
    |window_0_3_V_5_reg_1278           |  32|   0|   32|          0|
    |window_0_3_V_6_be_reg_2642        |  32|   0|   32|          0|
    |window_0_3_V_6_reg_1526           |  32|   0|   32|          0|
    |window_0_3_V_8_reg_3350           |  32|   0|   32|          0|
    |window_0_3_V_9_reg_3705           |  32|   0|   32|          0|
    |window_0_4_V_3_reg_706            |  32|   0|   32|          0|
    |window_0_4_V_4_reg_988            |  32|   0|   32|          0|
    |window_0_4_V_5_be_reg_3056        |  32|   0|   32|          0|
    |window_0_4_V_5_reg_2950           |  32|   0|   32|          0|
    |window_0_4_V_7_reg_3337           |  32|   0|   32|          0|
    |window_0_4_V_8_reg_3693           |  32|   0|   32|          0|
    |window_0_4_V_9_reg_4005           |  32|   0|   32|          0|
    |window_1_0_V_10_reg_3993          |  32|   0|   32|          0|
    |window_1_0_V_3_reg_696            |  32|   0|   32|          0|
    |window_1_0_V_4_reg_977            |  32|   0|   32|          0|
    |window_1_0_V_5_reg_1267           |  32|   0|   32|          0|
    |window_1_0_V_6_be_reg_2576        |  32|   0|   32|          0|
    |window_1_0_V_6_reg_1514           |  32|   0|   32|          0|
    |window_1_0_V_8_reg_3324           |  32|   0|   32|          0|
    |window_1_0_V_9_reg_3681           |  32|   0|   32|          0|
    |window_1_1_V_10_reg_3981          |  32|   0|   32|          0|
    |window_1_1_V_3_reg_686            |  32|   0|   32|          0|
    |window_1_1_V_4_reg_966            |  32|   0|   32|          0|
    |window_1_1_V_5_reg_1256           |  32|   0|   32|          0|
    |window_1_1_V_6_be_reg_2510        |  32|   0|   32|          0|
    |window_1_1_V_6_reg_1502           |  32|   0|   32|          0|
    |window_1_1_V_8_reg_3311           |  32|   0|   32|          0|
    |window_1_1_V_9_reg_3669           |  32|   0|   32|          0|
    |window_1_2_V_10_reg_3969          |  32|   0|   32|          0|
    |window_1_2_V_3_reg_676            |  32|   0|   32|          0|
    |window_1_2_V_4_reg_955            |  32|   0|   32|          0|
    |window_1_2_V_5_reg_1245           |  32|   0|   32|          0|
    |window_1_2_V_6_be_reg_2444        |  32|   0|   32|          0|
    |window_1_2_V_6_reg_1490           |  32|   0|   32|          0|
    |window_1_2_V_8_reg_3298           |  32|   0|   32|          0|
    |window_1_2_V_9_reg_3657           |  32|   0|   32|          0|
    |window_1_3_V_10_reg_3957          |  32|   0|   32|          0|
    |window_1_3_V_3_reg_666            |  32|   0|   32|          0|
    |window_1_3_V_4_reg_944            |  32|   0|   32|          0|
    |window_1_3_V_5_reg_1234           |  32|   0|   32|          0|
    |window_1_3_V_6_be_reg_2378        |  32|   0|   32|          0|
    |window_1_3_V_6_reg_1478           |  32|   0|   32|          0|
    |window_1_3_V_8_reg_3285           |  32|   0|   32|          0|
    |window_1_3_V_9_reg_3645           |  32|   0|   32|          0|
    |window_1_4_V_3_reg_656            |  32|   0|   32|          0|
    |window_1_4_V_4_reg_933            |  32|   0|   32|          0|
    |window_1_4_V_5_be_reg_3035        |  32|   0|   32|          0|
    |window_1_4_V_5_reg_2939           |  32|   0|   32|          0|
    |window_1_4_V_7_reg_3272           |  32|   0|   32|          0|
    |window_1_4_V_8_reg_3633           |  32|   0|   32|          0|
    |window_1_4_V_9_reg_3945           |  32|   0|   32|          0|
    |window_2_0_V_10_reg_3933          |  32|   0|   32|          0|
    |window_2_0_V_3_reg_646            |  32|   0|   32|          0|
    |window_2_0_V_4_reg_922            |  32|   0|   32|          0|
    |window_2_0_V_5_reg_1223           |  32|   0|   32|          0|
    |window_2_0_V_6_be_reg_2312        |  32|   0|   32|          0|
    |window_2_0_V_6_reg_1466           |  32|   0|   32|          0|
    |window_2_0_V_8_reg_3259           |  32|   0|   32|          0|
    |window_2_0_V_9_reg_3621           |  32|   0|   32|          0|
    |window_2_1_V_10_reg_3921          |  32|   0|   32|          0|
    |window_2_1_V_3_reg_636            |  32|   0|   32|          0|
    |window_2_1_V_4_reg_911            |  32|   0|   32|          0|
    |window_2_1_V_5_reg_1212           |  32|   0|   32|          0|
    |window_2_1_V_6_be_reg_2246        |  32|   0|   32|          0|
    |window_2_1_V_6_reg_1454           |  32|   0|   32|          0|
    |window_2_1_V_8_reg_3246           |  32|   0|   32|          0|
    |window_2_1_V_9_reg_3609           |  32|   0|   32|          0|
    |window_2_2_V_10_reg_3909          |  32|   0|   32|          0|
    |window_2_2_V_3_reg_626            |  32|   0|   32|          0|
    |window_2_2_V_4_reg_900            |  32|   0|   32|          0|
    |window_2_2_V_5_reg_1201           |  32|   0|   32|          0|
    |window_2_2_V_6_be_reg_2180        |  32|   0|   32|          0|
    |window_2_2_V_6_reg_1442           |  32|   0|   32|          0|
    |window_2_2_V_8_reg_3233           |  32|   0|   32|          0|
    |window_2_2_V_9_reg_3597           |  32|   0|   32|          0|
    |window_2_3_V_10_reg_3897          |  32|   0|   32|          0|
    |window_2_3_V_3_reg_616            |  32|   0|   32|          0|
    |window_2_3_V_4_reg_889            |  32|   0|   32|          0|
    |window_2_3_V_5_reg_1190           |  32|   0|   32|          0|
    |window_2_3_V_6_be_reg_2114        |  32|   0|   32|          0|
    |window_2_3_V_6_reg_1430           |  32|   0|   32|          0|
    |window_2_3_V_8_reg_3220           |  32|   0|   32|          0|
    |window_2_3_V_9_reg_3585           |  32|   0|   32|          0|
    |window_2_4_V_3_reg_606            |  32|   0|   32|          0|
    |window_2_4_V_4_reg_878            |  32|   0|   32|          0|
    |window_2_4_V_5_be_reg_3014        |  32|   0|   32|          0|
    |window_2_4_V_5_reg_2928           |  32|   0|   32|          0|
    |window_2_4_V_7_reg_3207           |  32|   0|   32|          0|
    |window_2_4_V_8_reg_3573           |  32|   0|   32|          0|
    |window_2_4_V_9_reg_3885           |  32|   0|   32|          0|
    |window_3_0_V_10_reg_3873          |  32|   0|   32|          0|
    |window_3_0_V_3_reg_596            |  32|   0|   32|          0|
    |window_3_0_V_4_reg_867            |  32|   0|   32|          0|
    |window_3_0_V_5_reg_1179           |  32|   0|   32|          0|
    |window_3_0_V_6_be_reg_2048        |  32|   0|   32|          0|
    |window_3_0_V_6_reg_1418           |  32|   0|   32|          0|
    |window_3_0_V_8_reg_3194           |  32|   0|   32|          0|
    |window_3_0_V_9_reg_3561           |  32|   0|   32|          0|
    |window_3_1_V_10_reg_3861          |  32|   0|   32|          0|
    |window_3_1_V_3_reg_586            |  32|   0|   32|          0|
    |window_3_1_V_4_reg_856            |  32|   0|   32|          0|
    |window_3_1_V_5_reg_1168           |  32|   0|   32|          0|
    |window_3_1_V_6_be_reg_1982        |  32|   0|   32|          0|
    |window_3_1_V_6_reg_1406           |  32|   0|   32|          0|
    |window_3_1_V_8_reg_3181           |  32|   0|   32|          0|
    |window_3_1_V_9_reg_3549           |  32|   0|   32|          0|
    |window_3_2_V_10_reg_3849          |  32|   0|   32|          0|
    |window_3_2_V_3_reg_576            |  32|   0|   32|          0|
    |window_3_2_V_4_reg_845            |  32|   0|   32|          0|
    |window_3_2_V_5_reg_1157           |  32|   0|   32|          0|
    |window_3_2_V_6_be_reg_1916        |  32|   0|   32|          0|
    |window_3_2_V_6_reg_1394           |  32|   0|   32|          0|
    |window_3_2_V_8_reg_3168           |  32|   0|   32|          0|
    |window_3_2_V_9_reg_3537           |  32|   0|   32|          0|
    |window_3_3_V_10_reg_3837          |  32|   0|   32|          0|
    |window_3_3_V_3_reg_566            |  32|   0|   32|          0|
    |window_3_3_V_4_reg_834            |  32|   0|   32|          0|
    |window_3_3_V_5_reg_1146           |  32|   0|   32|          0|
    |window_3_3_V_6_be_reg_1850        |  32|   0|   32|          0|
    |window_3_3_V_6_reg_1382           |  32|   0|   32|          0|
    |window_3_3_V_8_reg_3155           |  32|   0|   32|          0|
    |window_3_3_V_9_reg_3525           |  32|   0|   32|          0|
    |window_3_4_V_3_reg_556            |  32|   0|   32|          0|
    |window_3_4_V_4_reg_823            |  32|   0|   32|          0|
    |window_3_4_V_5_be_reg_2993        |  32|   0|   32|          0|
    |window_3_4_V_5_reg_2917           |  32|   0|   32|          0|
    |window_3_4_V_7_reg_3142           |  32|   0|   32|          0|
    |window_3_4_V_8_reg_3513           |  32|   0|   32|          0|
    |window_3_4_V_9_reg_3825           |  32|   0|   32|          0|
    |window_4_0_V_10_reg_3813          |  32|   0|   32|          0|
    |window_4_0_V_22_reg_7330          |  32|   0|   32|          0|
    |window_4_0_V_3_reg_546            |  32|   0|   32|          0|
    |window_4_0_V_4_reg_812            |  32|   0|   32|          0|
    |window_4_0_V_5_reg_1135           |  32|   0|   32|          0|
    |window_4_0_V_6_be_reg_1784        |  32|   0|   32|          0|
    |window_4_0_V_6_reg_1370           |  32|   0|   32|          0|
    |window_4_0_V_8_reg_3129           |  32|   0|   32|          0|
    |window_4_0_V_9_reg_3501           |  32|   0|   32|          0|
    |window_4_1_V_10_reg_3801          |  32|   0|   32|          0|
    |window_4_1_V_3_reg_536            |  32|   0|   32|          0|
    |window_4_1_V_4_reg_801            |  32|   0|   32|          0|
    |window_4_1_V_5_reg_1124           |  32|   0|   32|          0|
    |window_4_1_V_6_be_reg_1718        |  32|   0|   32|          0|
    |window_4_1_V_6_reg_1358           |  32|   0|   32|          0|
    |window_4_1_V_8_reg_3116           |  32|   0|   32|          0|
    |window_4_1_V_9_reg_3489           |  32|   0|   32|          0|
    |window_4_2_V_10_reg_3789          |  32|   0|   32|          0|
    |window_4_2_V_3_reg_526            |  32|   0|   32|          0|
    |window_4_2_V_4_reg_790            |  32|   0|   32|          0|
    |window_4_2_V_5_reg_1113           |  32|   0|   32|          0|
    |window_4_2_V_6_be_reg_1652        |  32|   0|   32|          0|
    |window_4_2_V_6_reg_1346           |  32|   0|   32|          0|
    |window_4_2_V_8_reg_3103           |  32|   0|   32|          0|
    |window_4_2_V_9_reg_3477           |  32|   0|   32|          0|
    |window_4_3_V_10_reg_3777          |  32|   0|   32|          0|
    |window_4_3_V_3_reg_516            |  32|   0|   32|          0|
    |window_4_3_V_4_reg_779            |  32|   0|   32|          0|
    |window_4_3_V_5_reg_1102           |  32|   0|   32|          0|
    |window_4_3_V_6_be_reg_1586        |  32|   0|   32|          0|
    |window_4_3_V_6_reg_1334           |  32|   0|   32|          0|
    |window_4_3_V_8_reg_3090           |  32|   0|   32|          0|
    |window_4_3_V_9_reg_3465           |  32|   0|   32|          0|
    |window_4_4_V_196_fu_126           |  32|   0|   32|          0|
    |window_4_4_V_197_fu_130           |  32|   0|   32|          0|
    |window_4_4_V_198_fu_134           |  32|   0|   32|          0|
    |window_4_4_V_199_fu_138           |  32|   0|   32|          0|
    |window_4_4_V_200_fu_142           |  32|   0|   32|          0|
    |window_4_4_V_201_fu_146           |  32|   0|   32|          0|
    |window_4_4_V_202_fu_150           |  32|   0|   32|          0|
    |window_4_4_V_203_fu_154           |  32|   0|   32|          0|
    |window_4_4_V_204_fu_158           |  32|   0|   32|          0|
    |window_4_4_V_205_fu_162           |  32|   0|   32|          0|
    |window_4_4_V_206_fu_166           |  32|   0|   32|          0|
    |window_4_4_V_207_fu_170           |  32|   0|   32|          0|
    |window_4_4_V_208_fu_174           |  32|   0|   32|          0|
    |window_4_4_V_209_fu_178           |  32|   0|   32|          0|
    |window_4_4_V_210_fu_182           |  32|   0|   32|          0|
    |window_4_4_V_211_fu_186           |  32|   0|   32|          0|
    |window_4_4_V_212_fu_190           |  32|   0|   32|          0|
    |window_4_4_V_213_fu_194           |  32|   0|   32|          0|
    |window_4_4_V_214_fu_198           |  32|   0|   32|          0|
    |window_4_4_V_215_fu_202           |  32|   0|   32|          0|
    |window_4_4_V_216_fu_206           |  32|   0|   32|          0|
    |window_4_4_V_217_fu_210           |  32|   0|   32|          0|
    |window_4_4_V_218_fu_214           |  32|   0|   32|          0|
    |window_4_4_V_219_fu_218           |  32|   0|   32|          0|
    |window_4_4_V_3_reg_506            |  32|   0|   32|          0|
    |window_4_4_V_4_reg_768            |  32|   0|   32|          0|
    |window_4_4_V_5_be_reg_2972        |  32|   0|   32|          0|
    |window_4_4_V_5_reg_2906           |  32|   0|   32|          0|
    |window_4_4_V_7_reg_3077           |  32|   0|   32|          0|
    |window_4_4_V_8_reg_3453           |  32|   0|   32|          0|
    |window_4_4_V_9_reg_3765           |  32|   0|   32|          0|
    |window_4_4_V_fu_122               |  32|   0|   32|          0|
    |zext_ln1116_reg_7233              |   3|   0|    4|          1|
    |zext_ln203_reg_7287               |   3|   0|    4|          1|
    |zext_ln90_reg_7412                |   8|   0|   64|         56|
    +----------------------------------+----+----+-----+-----------+
    |Total                             |7680|   0| 7742|         62|
    +----------------------------------+----+----+-----+-----------+



================================================================
== Interface
================================================================
* Summary: 
+---------------------+-----+-----+------------+--------------+--------------+
|      RTL Ports      | Dir | Bits|  Protocol  | Source Object|    C Type    |
+---------------------+-----+-----+------------+--------------+--------------+
|ap_clk               |  in |    1| ap_ctrl_hs |  convolve.1  | return value |
|ap_rst               |  in |    1| ap_ctrl_hs |  convolve.1  | return value |
|ap_start             |  in |    1| ap_ctrl_hs |  convolve.1  | return value |
|start_full_n         |  in |    1| ap_ctrl_hs |  convolve.1  | return value |
|ap_done              | out |    1| ap_ctrl_hs |  convolve.1  | return value |
|ap_continue          |  in |    1| ap_ctrl_hs |  convolve.1  | return value |
|ap_idle              | out |    1| ap_ctrl_hs |  convolve.1  | return value |
|ap_ready             | out |    1| ap_ctrl_hs |  convolve.1  | return value |
|start_out            | out |    1| ap_ctrl_hs |  convolve.1  | return value |
|start_write          | out |    1| ap_ctrl_hs |  convolve.1  | return value |
|strm_in_V_V_dout     |  in |   32|   ap_fifo  |  strm_in_V_V |    pointer   |
|strm_in_V_V_empty_n  |  in |    1|   ap_fifo  |  strm_in_V_V |    pointer   |
|strm_in_V_V_read     | out |    1|   ap_fifo  |  strm_in_V_V |    pointer   |
|strm_out_V_V_din     | out |   32|   ap_fifo  | strm_out_V_V |    pointer   |
|strm_out_V_V_full_n  |  in |    1|   ap_fifo  | strm_out_V_V |    pointer   |
|strm_out_V_V_write   | out |    1|   ap_fifo  | strm_out_V_V |    pointer   |
+---------------------+-----+-----+------------+--------------+--------------+

