

================================================================
== Vivado HLS Report for 'superres_xcel53'
================================================================
* Date:           Wed Dec 11 18:19:12 2024

* Version:        2019.2 (Build 2704478 on Wed Nov 06 22:10:23 MST 2019)
* Project:        superres.prj
* Solution:       solution1
* Product family: zynq
* Target device:  xc7z020-clg484-1


================================================================
== Performance Estimates
================================================================
+ Timing: 
    * Summary: 
    +--------+----------+----------+------------+
    |  Clock |  Target  | Estimated| Uncertainty|
    +--------+----------+----------+------------+
    |ap_clk  | 10.00 ns | 8.510 ns |   1.25 ns  |
    +--------+----------+----------+------------+

+ Latency: 
    * Summary: 
    +---------+---------+-----------+-----------+---------+---------+----------+
    |  Latency (cycles) |   Latency (absolute)  |      Interval     | Pipeline |
    |   min   |   max   |    min    |    max    |   min   |   max   |   Type   |
    +---------+---------+-----------+-----------+---------+---------+----------+
    |  4354655|  8054547| 43.547 ms | 80.545 ms |  4354651|  8054543| dataflow |
    +---------+---------+-----------+-----------+---------+---------+----------+

    + Detail: 
        * Instance: 
        +----------------------+-------------------+---------+---------+-----------+-----------+---------+---------+---------+
        |                      |                   |  Latency (cycles) |   Latency (absolute)  |      Interval     | Pipeline|
        |       Instance       |       Module      |   min   |   max   |    min    |    max    |   min   |   max   |   Type  |
        +----------------------+-------------------+---------+---------+-----------+-----------+---------+---------+---------+
        |convolve56_U0         |convolve56         |  4354650|  8054542| 43.547 ms | 80.545 ms |  4354650|  8054542|   none  |
        |convolve57_U0         |convolve57         |  4178998|  7729654| 41.790 ms | 77.297 ms |  4178998|  7729654|   none  |
        |convolve58_U0         |convolve58         |  4006962|  7411454| 40.070 ms | 74.115 ms |  4006962|  7411454|   none  |
        |upsample_100_2_55_U0  |upsample_100_2_55  |   110701|   110701|  1.107 ms |  1.107 ms |   110701|   110701|   none  |
        +----------------------+-------------------+---------+---------+-----------+-----------+---------+---------+---------+

        * Loop: 
        N/A



================================================================
== Utilization Estimates
================================================================
* Summary: 
+-----------------+---------+-------+--------+-------+-----+
|       Name      | BRAM_18K| DSP48E|   FF   |  LUT  | URAM|
+-----------------+---------+-------+--------+-------+-----+
|DSP              |        -|      -|       -|      -|    -|
|Expression       |        -|      -|       0|      2|    -|
|FIFO             |       12|      -|     201|    336|    -|
|Instance         |       16|     12|   23217|  10654|    0|
|Memory           |        -|      -|       -|      -|    -|
|Multiplexer      |        -|      -|       -|      9|    -|
|Register         |        -|      -|       1|      -|    -|
+-----------------+---------+-------+--------+-------+-----+
|Total            |       28|     12|   23419|  11001|    0|
+-----------------+---------+-------+--------+-------+-----+
|Available        |      280|    220|  106400|  53200|    0|
+-----------------+---------+-------+--------+-------+-----+
|Utilization (%)  |       10|      5|      22|     20|    0|
+-----------------+---------+-------+--------+-------+-----+

+ Detail: 
    * Instance: 
    +----------------------+-------------------+---------+-------+------+------+-----+
    |       Instance       |       Module      | BRAM_18K| DSP48E|  FF  |  LUT | URAM|
    +----------------------+-------------------+---------+-------+------+------+-----+
    |convolve56_U0         |convolve56         |        5|      4|  7712|  3468|    0|
    |convolve57_U0         |convolve57         |        5|      4|  7712|  3468|    0|
    |convolve58_U0         |convolve58         |        5|      4|  7711|  3459|    0|
    |upsample_100_2_55_U0  |upsample_100_2_55  |        1|      0|    82|   259|    0|
    +----------------------+-------------------+---------+-------+------+------+-----+
    |Total                 |                   |       16|     12| 23217| 10654|    0|
    +----------------------+-------------------+---------+-------+------+------+-----+

    * DSP48E: 
    N/A

    * Memory: 
    N/A

    * FIFO: 
    +--------------------+---------+----+----+-----+------+-----+---------+
    |        Name        | BRAM_18K| FF | LUT| URAM| Depth| Bits| Size:D*B|
    +--------------------+---------+----+----+-----+------+-----+---------+
    |layer0_out_V_V_U    |        4|  67|   0|    -|  1200|   32|    38400|
    |layer1_out_V_V_U    |        4|  67|   0|    -|  1200|   32|    38400|
    |upsample_out_V_V_U  |        4|  67|   0|    -|  1200|   32|    38400|
    +--------------------+---------+----+----+-----+------+-----+---------+
    |Total               |       12| 201|   0|    0|  3600|   96|   115200|
    +--------------------+---------+----+----+-----+------+-----+---------+

    * Expression: 
    +--------------+----------+-------+---+----+------------+------------+
    | Variable Name| Operation| DSP48E| FF| LUT| Bitwidth P0| Bitwidth P1|
    +--------------+----------+-------+---+----+------------+------------+
    |ap_idle       |    and   |      0|  0|   2|           1|           1|
    +--------------+----------+-------+---+----+------------+------------+
    |Total         |          |      0|  0|   2|           1|           1|
    +--------------+----------+-------+---+----+------------+------------+

    * Multiplexer: 
    +------------+----+-----------+-----+-----------+
    |    Name    | LUT| Input Size| Bits| Total Bits|
    +------------+----+-----------+-----+-----------+
    |real_start  |   9|          2|    1|          2|
    +------------+----+-----------+-----+-----------+
    |Total       |   9|          2|    1|          2|
    +------------+----+-----------+-----+-----------+

    * Register: 
    +----------------+---+----+-----+-----------+
    |      Name      | FF| LUT| Bits| Const Bits|
    +----------------+---+----+-----+-----------+
    |start_once_reg  |  1|   0|    1|          0|
    +----------------+---+----+-----+-----------+
    |Total           |  1|   0|    1|          0|
    +----------------+---+----+-----+-----------+



================================================================
== Interface
================================================================
* Summary: 
+-------------------------+-----+-----+------------+------------------+--------------+
|        RTL Ports        | Dir | Bits|  Protocol  |   Source Object  |    C Type    |
+-------------------------+-----+-----+------------+------------------+--------------+
|ap_start                 |  in |    1| ap_ctrl_hs |  superres_xcel53 | return value |
|start_full_n             |  in |    1| ap_ctrl_hs |  superres_xcel53 | return value |
|start_out                | out |    1| ap_ctrl_hs |  superres_xcel53 | return value |
|start_write              | out |    1| ap_ctrl_hs |  superres_xcel53 | return value |
|ap_clk                   |  in |    1| ap_ctrl_hs |  superres_xcel53 | return value |
|ap_rst                   |  in |    1| ap_ctrl_hs |  superres_xcel53 | return value |
|ap_done                  | out |    1| ap_ctrl_hs |  superres_xcel53 | return value |
|ap_ready                 | out |    1| ap_ctrl_hs |  superres_xcel53 | return value |
|ap_idle                  | out |    1| ap_ctrl_hs |  superres_xcel53 | return value |
|ap_continue              |  in |    1| ap_ctrl_hs |  superres_xcel53 | return value |
|input_image_V_V_dout     |  in |   32|   ap_fifo  |  input_image_V_V |    pointer   |
|input_image_V_V_empty_n  |  in |    1|   ap_fifo  |  input_image_V_V |    pointer   |
|input_image_V_V_read     | out |    1|   ap_fifo  |  input_image_V_V |    pointer   |
|output_image_V_V_din     | out |   32|   ap_fifo  | output_image_V_V |    pointer   |
|output_image_V_V_full_n  |  in |    1|   ap_fifo  | output_image_V_V |    pointer   |
|output_image_V_V_write   | out |    1|   ap_fifo  | output_image_V_V |    pointer   |
+-------------------------+-----+-----+------------+------------------+--------------+

